<?xml version="1.0" encoding="UTF-8"?>
<!-- Generated by org.testng.reporters.JUnitXMLReporter -->
<testsuite ignored="0" hostname="DESKTOP-V7BAFM9" failures="0" tests="2" name="BankingApp Test" time="31.034" errors="0" timestamp="2022-08-31T22:18:32 EDT">
  <testcase classname="com.inetBanking.testCases.TC_LoginTest_001" name="loginTest" time="2.769"/>
  <testcase classname="com.inetBanking.testCases.TC_AddCustomerTest_003" name="addNewCustomer" time="12.649"/>
</testsuite> <!-- BankingApp Test -->
