<?xml version="1.0" encoding="UTF-8"?>
<testsuite xmlns:xsi="http://www.w3.org/2001/XMLSchema-instance" xsi:noNamespaceSchemaLocation="https://maven.apache.org/surefire/maven-surefire-plugin/xsd/surefire-test-report-3.0.xsd" version="3.0" name="TestSuite" time="31.953" tests="2" errors="0" skipped="0" failures="0">
  <properties>
[...]
</properties>
  <testcase name="loginTest" classname="com.inetBanking.testCases.TC_LoginTest_001" time="2.77">
    <system-out><![CDATA[08-31-2022 22:18:02 RequestAddCookies.java DEBUG [Forwarding newSession on session null to remote] protocol.RequestAddCookies 122 - CookieSpec selected: default
08-31-2022 22:18:02 RequestAuthCache.java DEBUG [Forwarding newSession on session null to remote] protocol.RequestAuthCache 76 - Auth cache not set in the context
08-31-2022 22:18:02 PoolingHttpClientConnectionManager.java DEBUG [Forwarding newSession on session null to remote] conn.PoolingHttpClientConnectionManager 249 - Connection request: [route: {}->http://localhost:34933][total kept alive: 0; route allocated: 0 of 2000; total allocated: 0 of 2000]
08-31-2022 22:18:02 PoolingHttpClientConnectionManager.java DEBUG [Forwarding newSession on session null to remote] conn.PoolingHttpClientConnectionManager 282 - Connection leased: [id: 0][route: {}->http://localhost:34933][total kept alive: 0; route allocated: 1 of 2000; total allocated: 1 of 2000]
08-31-2022 22:18:02 MainClientExec.java DEBUG [Forwarding newSession on session null to remote] execchain.MainClientExec 234 - Opening connection {}->http://localhost:34933
08-31-2022 22:18:02 DefaultHttpClientConnectionOperator.java DEBUG [Forwarding newSession on session null to remote] conn.DefaultHttpClientConnectionOperator 138 - Connecting to localhost/127.0.0.1:34933
08-31-2022 22:18:02 DefaultHttpClientConnectionOperator.java DEBUG [Forwarding newSession on session null to remote] conn.DefaultHttpClientConnectionOperator 145 - Connection established 127.0.0.1:49771<->127.0.0.1:34933
08-31-2022 22:18:02 LoggingManagedHttpClientConnection.java DEBUG [Forwarding newSession on session null to remote] conn.DefaultManagedHttpClientConnection 90 - http-outgoing-0: set socket timeout to 10800000
08-31-2022 22:18:02 MainClientExec.java DEBUG [Forwarding newSession on session null to remote] execchain.MainClientExec 255 - Executing request POST /session HTTP/1.1
08-31-2022 22:18:02 MainClientExec.java DEBUG [Forwarding newSession on session null to remote] execchain.MainClientExec 260 - Target auth state: UNCHALLENGED
08-31-2022 22:18:02 MainClientExec.java DEBUG [Forwarding newSession on session null to remote] execchain.MainClientExec 266 - Proxy auth state: UNCHALLENGED
08-31-2022 22:18:02 LoggingManagedHttpClientConnection.java DEBUG [Forwarding newSession on session null to remote] http.headers 135 - http-outgoing-0 >> POST /session HTTP/1.1
08-31-2022 22:18:02 LoggingManagedHttpClientConnection.java DEBUG [Forwarding newSession on session null to remote] http.headers 138 - http-outgoing-0 >> Content-Type: application/json; charset=utf-8
08-31-2022 22:18:02 LoggingManagedHttpClientConnection.java DEBUG [Forwarding newSession on session null to remote] http.headers 138 - http-outgoing-0 >> Content-Length: 317
08-31-2022 22:18:02 LoggingManagedHttpClientConnection.java DEBUG [Forwarding newSession on session null to remote] http.headers 138 - http-outgoing-0 >> Host: localhost:34933
08-31-2022 22:18:02 LoggingManagedHttpClientConnection.java DEBUG [Forwarding newSession on session null to remote] http.headers 138 - http-outgoing-0 >> Connection: Keep-Alive
08-31-2022 22:18:02 LoggingManagedHttpClientConnection.java DEBUG [Forwarding newSession on session null to remote] http.headers 138 - http-outgoing-0 >> User-Agent: Apache-HttpClient/4.5.2 (Java/11.0.12)
08-31-2022 22:18:02 LoggingManagedHttpClientConnection.java DEBUG [Forwarding newSession on session null to remote] http.headers 138 - http-outgoing-0 >> Accept-Encoding: gzip,deflate
08-31-2022 22:18:02 Wire.java DEBUG [Forwarding newSession on session null to remote] http.wire 72 - http-outgoing-0 >> "POST /session HTTP/1.1[\r][\n]"
08-31-2022 22:18:02 Wire.java DEBUG [Forwarding newSession on session null to remote] http.wire 72 - http-outgoing-0 >> "Content-Type: application/json; charset=utf-8[\r][\n]"
08-31-2022 22:18:02 Wire.java DEBUG [Forwarding newSession on session null to remote] http.wire 72 - http-outgoing-0 >> "Content-Length: 317[\r][\n]"
08-31-2022 22:18:02 Wire.java DEBUG [Forwarding newSession on session null to remote] http.wire 72 - http-outgoing-0 >> "Host: localhost:34933[\r][\n]"
08-31-2022 22:18:02 Wire.java DEBUG [Forwarding newSession on session null to remote] http.wire 72 - http-outgoing-0 >> "Connection: Keep-Alive[\r][\n]"
08-31-2022 22:18:02 Wire.java DEBUG [Forwarding newSession on session null to remote] http.wire 72 - http-outgoing-0 >> "User-Agent: Apache-HttpClient/4.5.2 (Java/11.0.12)[\r][\n]"
08-31-2022 22:18:02 Wire.java DEBUG [Forwarding newSession on session null to remote] http.wire 72 - http-outgoing-0 >> "Accept-Encoding: gzip,deflate[\r][\n]"
08-31-2022 22:18:02 Wire.java DEBUG [Forwarding newSession on session null to remote] http.wire 72 - http-outgoing-0 >> "[\r][\n]"
08-31-2022 22:18:02 Wire.java DEBUG [Forwarding newSession on session null to remote] http.wire 86 - http-outgoing-0 >> "{"capabilities": {"desiredCapabilities": {"browserName":"chrome","chromeOptions":{"args":[],"extensions":[]},"version":"","platform":"ANY"},"requiredCapabilities": {}},"desiredCapabilities": {"browserName":"chrome","chromeOptions":{"args":[],"extensions":[]},"version":"","platform":"ANY"},"requiredCapabilities": {}}"
08-31-2022 22:18:03 Wire.java DEBUG [Forwarding newSession on session null to remote] http.wire 72 - http-outgoing-0 << "HTTP/1.1 200 OK[\r][\n]"
08-31-2022 22:18:03 Wire.java DEBUG [Forwarding newSession on session null to remote] http.wire 72 - http-outgoing-0 << "Content-Length:795[\r][\n]"
08-31-2022 22:18:03 Wire.java DEBUG [Forwarding newSession on session null to remote] http.wire 72 - http-outgoing-0 << "Content-Type:application/json; charset=utf-8[\r][\n]"
08-31-2022 22:18:03 Wire.java DEBUG [Forwarding newSession on session null to remote] http.wire 72 - http-outgoing-0 << "cache-control:no-cache[\r][\n]"
08-31-2022 22:18:03 Wire.java DEBUG [Forwarding newSession on session null to remote] http.wire 72 - http-outgoing-0 << "[\r][\n]"
08-31-2022 22:18:03 Wire.java DEBUG [Forwarding newSession on session null to remote] http.wire 86 - http-outgoing-0 << "{"value":{"capabilities":{"acceptInsecureCerts":false,"browserName":"chrome","browserVersion":"104.0.5112.102","chrome":{"chromedriverVersion":"104.0.5112.79 (3cf3e8c8a07d104b9e1260c910efb8f383285dc5-refs/branch-heads/5112@{#1307})","userDataDir":"C:\\Users\\HEETPA~1\\AppData\\Local\\Temp\\scoped_dir32676_1413126622"},"goog:chromeOptions":{"debuggerAddress":"localhost:49772"},"networkConnectionEnabled":false,"pageLoadStrategy":"normal","platformName":"windows","proxy":{},"setWindowRect":true,"strictFileInteractability":false,"timeouts":{"implicit":0,"pageLoad":300000,"script":30000},"unhandledPromptBehavior":"dismiss and notify","webauthn:extension:credBlob":true,"webauthn:extension:largeBlob":true,"webauthn:virtualAuthenticators":true},"sessionId":"0a5f7c285bb960469cb58d28c7a51427"}}"
08-31-2022 22:18:03 LoggingManagedHttpClientConnection.java DEBUG [Forwarding newSession on session null to remote] http.headers 124 - http-outgoing-0 << HTTP/1.1 200 OK
08-31-2022 22:18:03 LoggingManagedHttpClientConnection.java DEBUG [Forwarding newSession on session null to remote] http.headers 127 - http-outgoing-0 << Content-Length:795
08-31-2022 22:18:03 LoggingManagedHttpClientConnection.java DEBUG [Forwarding newSession on session null to remote] http.headers 127 - http-outgoing-0 << Content-Type:application/json; charset=utf-8
08-31-2022 22:18:03 LoggingManagedHttpClientConnection.java DEBUG [Forwarding newSession on session null to remote] http.headers 127 - http-outgoing-0 << cache-control:no-cache
08-31-2022 22:18:03 MainClientExec.java DEBUG [Forwarding newSession on session null to remote] execchain.MainClientExec 284 - Connection can be kept alive indefinitely
08-31-2022 22:18:03 PoolingHttpClientConnectionManager.java DEBUG [Forwarding newSession on session null to remote] conn.PoolingHttpClientConnectionManager 314 - Connection [id: 0][route: {}->http://localhost:34933] can be kept alive indefinitely
08-31-2022 22:18:03 PoolingHttpClientConnectionManager.java DEBUG [Forwarding newSession on session null to remote] conn.PoolingHttpClientConnectionManager 320 - Connection released: [id: 0][route: {}->http://localhost:34933][total kept alive: 1; route allocated: 1 of 2000; total allocated: 1 of 2000]
08-31-2022 22:18:03 RequestAddCookies.java DEBUG [Forwarding newSession on session null to remote] protocol.RequestAddCookies 122 - CookieSpec selected: default
08-31-2022 22:18:03 RequestAuthCache.java DEBUG [Forwarding newSession on session null to remote] protocol.RequestAuthCache 76 - Auth cache not set in the context
08-31-2022 22:18:03 PoolingHttpClientConnectionManager.java DEBUG [Forwarding newSession on session null to remote] conn.PoolingHttpClientConnectionManager 249 - Connection request: [route: {}->http://localhost:34933][total kept alive: 1; route allocated: 1 of 2000; total allocated: 1 of 2000]
08-31-2022 22:18:03 PoolingHttpClientConnectionManager.java DEBUG [Forwarding newSession on session null to remote] conn.PoolingHttpClientConnectionManager 282 - Connection leased: [id: 0][route: {}->http://localhost:34933][total kept alive: 0; route allocated: 1 of 2000; total allocated: 1 of 2000]
08-31-2022 22:18:03 MainClientExec.java DEBUG [Forwarding newSession on session null to remote] execchain.MainClientExec 207 - Stale connection check
08-31-2022 22:18:03 Wire.java DEBUG [Forwarding newSession on session null to remote] http.wire 86 - http-outgoing-0 << "[read] I/O error: Read timed out"
08-31-2022 22:18:03 LoggingManagedHttpClientConnection.java DEBUG [Forwarding newSession on session null to remote] conn.DefaultManagedHttpClientConnection 90 - http-outgoing-0: set socket timeout to 10800000
08-31-2022 22:18:03 MainClientExec.java DEBUG [Forwarding newSession on session null to remote] execchain.MainClientExec 255 - Executing request POST /session HTTP/1.1
08-31-2022 22:18:03 MainClientExec.java DEBUG [Forwarding newSession on session null to remote] execchain.MainClientExec 260 - Target auth state: UNCHALLENGED
08-31-2022 22:18:03 MainClientExec.java DEBUG [Forwarding newSession on session null to remote] execchain.MainClientExec 266 - Proxy auth state: UNCHALLENGED
08-31-2022 22:18:03 LoggingManagedHttpClientConnection.java DEBUG [Forwarding newSession on session null to remote] http.headers 135 - http-outgoing-0 >> POST /session HTTP/1.1
08-31-2022 22:18:03 LoggingManagedHttpClientConnection.java DEBUG [Forwarding newSession on session null to remote] http.headers 138 - http-outgoing-0 >> Content-Type: application/json; charset=utf-8
08-31-2022 22:18:03 LoggingManagedHttpClientConnection.java DEBUG [Forwarding newSession on session null to remote] http.headers 138 - http-outgoing-0 >> Content-Length: 150
08-31-2022 22:18:03 LoggingManagedHttpClientConnection.java DEBUG [Forwarding newSession on session null to remote] http.headers 138 - http-outgoing-0 >> Host: localhost:34933
08-31-2022 22:18:03 LoggingManagedHttpClientConnection.java DEBUG [Forwarding newSession on session null to remote] http.headers 138 - http-outgoing-0 >> Connection: Keep-Alive
08-31-2022 22:18:03 LoggingManagedHttpClientConnection.java DEBUG [Forwarding newSession on session null to remote] http.headers 138 - http-outgoing-0 >> User-Agent: Apache-HttpClient/4.5.2 (Java/11.0.12)
08-31-2022 22:18:03 LoggingManagedHttpClientConnection.java DEBUG [Forwarding newSession on session null to remote] http.headers 138 - http-outgoing-0 >> Accept-Encoding: gzip,deflate
08-31-2022 22:18:03 Wire.java DEBUG [Forwarding newSession on session null to remote] http.wire 72 - http-outgoing-0 >> "POST /session HTTP/1.1[\r][\n]"
08-31-2022 22:18:03 Wire.java DEBUG [Forwarding newSession on session null to remote] http.wire 72 - http-outgoing-0 >> "Content-Type: application/json; charset=utf-8[\r][\n]"
08-31-2022 22:18:03 Wire.java DEBUG [Forwarding newSession on session null to remote] http.wire 72 - http-outgoing-0 >> "Content-Length: 150[\r][\n]"
08-31-2022 22:18:03 Wire.java DEBUG [Forwarding newSession on session null to remote] http.wire 72 - http-outgoing-0 >> "Host: localhost:34933[\r][\n]"
08-31-2022 22:18:03 Wire.java DEBUG [Forwarding newSession on session null to remote] http.wire 72 - http-outgoing-0 >> "Connection: Keep-Alive[\r][\n]"
08-31-2022 22:18:03 Wire.java DEBUG [Forwarding newSession on session null to remote] http.wire 72 - http-outgoing-0 >> "User-Agent: Apache-HttpClient/4.5.2 (Java/11.0.12)[\r][\n]"
08-31-2022 22:18:03 Wire.java DEBUG [Forwarding newSession on session null to remote] http.wire 72 - http-outgoing-0 >> "Accept-Encoding: gzip,deflate[\r][\n]"
08-31-2022 22:18:03 Wire.java DEBUG [Forwarding newSession on session null to remote] http.wire 72 - http-outgoing-0 >> "[\r][\n]"
08-31-2022 22:18:03 Wire.java DEBUG [Forwarding newSession on session null to remote] http.wire 86 - http-outgoing-0 >> "{"desiredCapabilities": {"browserName":"chrome","chromeOptions":{"args":[],"extensions":[]},"version":"","platform":"ANY"},"requiredCapabilities": {}}"
08-31-2022 22:18:04 Wire.java DEBUG [Forwarding newSession on session null to remote] http.wire 72 - http-outgoing-0 << "HTTP/1.1 200 OK[\r][\n]"
08-31-2022 22:18:04 Wire.java DEBUG [Forwarding newSession on session null to remote] http.wire 72 - http-outgoing-0 << "Content-Length:1114[\r][\n]"
08-31-2022 22:18:04 Wire.java DEBUG [Forwarding newSession on session null to remote] http.wire 72 - http-outgoing-0 << "Content-Type:application/json; charset=utf-8[\r][\n]"
08-31-2022 22:18:04 Wire.java DEBUG [Forwarding newSession on session null to remote] http.wire 72 - http-outgoing-0 << "[\r][\n]"
08-31-2022 22:18:04 Wire.java DEBUG [Forwarding newSession on session null to remote] http.wire 86 - http-outgoing-0 << "{"sessionId":"2f97338cb9353a784934608e0e0e9c2e","status":0,"value":{"acceptInsecureCerts":false,"acceptSslCerts":false,"browserConnectionEnabled":false,"browserName":"chrome","chrome":{"chromedriverVersion":"104.0.5112.79 (3cf3e8c8a07d104b9e1260c910efb8f383285dc5-refs/branch-heads/5112@{#1307})","userDataDir":"C:\\Users\\HEETPA~1\\AppData\\Local\\Temp\\scoped_dir32676_307040386"},"cssSelectorsEnabled":true,"databaseEnabled":false,"goog:chromeOptions":{"debuggerAddress":"localhost:49778"},"handlesAlerts":true,"hasTouchScreen":false,"javascriptEnabled":true,"locationContextEnabled":true,"mobileEmulationEnabled":false,"nativeEvents":true,"networkConnectionEnabled":false,"pageLoadStrategy":"normal","platform":"Windows","proxy":{},"rotatable":false,"setWindowRect":true,"strictFileInteractability":false,"takesHeapSnapshot":true,"takesScreenshot":true,"timeouts":{"implicit":0,"pageLoad":300000,"script":30000},"unexpectedAlertBehaviour":"ignore","version":"104.0.5112.102","webStorageEnabled":true,"webauthn:extension:credBlob":true,"webauthn:extension:largeBlob":true,"webauthn:virtualAuthenticators":true}}"
08-31-2022 22:18:04 LoggingManagedHttpClientConnection.java DEBUG [Forwarding newSession on session null to remote] http.headers 124 - http-outgoing-0 << HTTP/1.1 200 OK
08-31-2022 22:18:04 LoggingManagedHttpClientConnection.java DEBUG [Forwarding newSession on session null to remote] http.headers 127 - http-outgoing-0 << Content-Length:1114
08-31-2022 22:18:04 LoggingManagedHttpClientConnection.java DEBUG [Forwarding newSession on session null to remote] http.headers 127 - http-outgoing-0 << Content-Type:application/json; charset=utf-8
08-31-2022 22:18:04 MainClientExec.java DEBUG [Forwarding newSession on session null to remote] execchain.MainClientExec 284 - Connection can be kept alive indefinitely
08-31-2022 22:18:04 PoolingHttpClientConnectionManager.java DEBUG [Forwarding newSession on session null to remote] conn.PoolingHttpClientConnectionManager 314 - Connection [id: 0][route: {}->http://localhost:34933] can be kept alive indefinitely
08-31-2022 22:18:04 PoolingHttpClientConnectionManager.java DEBUG [Forwarding newSession on session null to remote] conn.PoolingHttpClientConnectionManager 320 - Connection released: [id: 0][route: {}->http://localhost:34933][total kept alive: 1; route allocated: 1 of 2000; total allocated: 1 of 2000]
08-31-2022 22:18:04 RequestAddCookies.java DEBUG [Forwarding setTimeout on session 2f97338cb9353a784934608e0e0e9c2e to remote] protocol.RequestAddCookies 122 - CookieSpec selected: default
08-31-2022 22:18:04 RequestAuthCache.java DEBUG [Forwarding setTimeout on session 2f97338cb9353a784934608e0e0e9c2e to remote] protocol.RequestAuthCache 76 - Auth cache not set in the context
08-31-2022 22:18:04 PoolingHttpClientConnectionManager.java DEBUG [Forwarding setTimeout on session 2f97338cb9353a784934608e0e0e9c2e to remote] conn.PoolingHttpClientConnectionManager 249 - Connection request: [route: {}->http://localhost:34933][total kept alive: 1; route allocated: 1 of 2000; total allocated: 1 of 2000]
08-31-2022 22:18:04 PoolingHttpClientConnectionManager.java DEBUG [Forwarding setTimeout on session 2f97338cb9353a784934608e0e0e9c2e to remote] conn.PoolingHttpClientConnectionManager 282 - Connection leased: [id: 0][route: {}->http://localhost:34933][total kept alive: 0; route allocated: 1 of 2000; total allocated: 1 of 2000]
08-31-2022 22:18:04 MainClientExec.java DEBUG [Forwarding setTimeout on session 2f97338cb9353a784934608e0e0e9c2e to remote] execchain.MainClientExec 207 - Stale connection check
08-31-2022 22:18:04 Wire.java DEBUG [Forwarding setTimeout on session 2f97338cb9353a784934608e0e0e9c2e to remote] http.wire 86 - http-outgoing-0 << "[read] I/O error: Read timed out"
08-31-2022 22:18:04 LoggingManagedHttpClientConnection.java DEBUG [Forwarding setTimeout on session 2f97338cb9353a784934608e0e0e9c2e to remote] conn.DefaultManagedHttpClientConnection 90 - http-outgoing-0: set socket timeout to 10800000
08-31-2022 22:18:04 MainClientExec.java DEBUG [Forwarding setTimeout on session 2f97338cb9353a784934608e0e0e9c2e to remote] execchain.MainClientExec 255 - Executing request POST /session/2f97338cb9353a784934608e0e0e9c2e/timeouts HTTP/1.1
08-31-2022 22:18:04 MainClientExec.java DEBUG [Forwarding setTimeout on session 2f97338cb9353a784934608e0e0e9c2e to remote] execchain.MainClientExec 260 - Target auth state: UNCHALLENGED
08-31-2022 22:18:04 MainClientExec.java DEBUG [Forwarding setTimeout on session 2f97338cb9353a784934608e0e0e9c2e to remote] execchain.MainClientExec 266 - Proxy auth state: UNCHALLENGED
08-31-2022 22:18:04 LoggingManagedHttpClientConnection.java DEBUG [Forwarding setTimeout on session 2f97338cb9353a784934608e0e0e9c2e to remote] http.headers 135 - http-outgoing-0 >> POST /session/2f97338cb9353a784934608e0e0e9c2e/timeouts HTTP/1.1
08-31-2022 22:18:04 LoggingManagedHttpClientConnection.java DEBUG [Forwarding setTimeout on session 2f97338cb9353a784934608e0e0e9c2e to remote] http.headers 138 - http-outgoing-0 >> Content-Type: application/json; charset=utf-8
08-31-2022 22:18:04 LoggingManagedHttpClientConnection.java DEBUG [Forwarding setTimeout on session 2f97338cb9353a784934608e0e0e9c2e to remote] http.headers 138 - http-outgoing-0 >> Content-Length: 30
08-31-2022 22:18:04 LoggingManagedHttpClientConnection.java DEBUG [Forwarding setTimeout on session 2f97338cb9353a784934608e0e0e9c2e to remote] http.headers 138 - http-outgoing-0 >> Host: localhost:34933
08-31-2022 22:18:04 LoggingManagedHttpClientConnection.java DEBUG [Forwarding setTimeout on session 2f97338cb9353a784934608e0e0e9c2e to remote] http.headers 138 - http-outgoing-0 >> Connection: Keep-Alive
08-31-2022 22:18:04 LoggingManagedHttpClientConnection.java DEBUG [Forwarding setTimeout on session 2f97338cb9353a784934608e0e0e9c2e to remote] http.headers 138 - http-outgoing-0 >> User-Agent: Apache-HttpClient/4.5.2 (Java/11.0.12)
08-31-2022 22:18:04 LoggingManagedHttpClientConnection.java DEBUG [Forwarding setTimeout on session 2f97338cb9353a784934608e0e0e9c2e to remote] http.headers 138 - http-outgoing-0 >> Accept-Encoding: gzip,deflate
08-31-2022 22:18:04 Wire.java DEBUG [Forwarding setTimeout on session 2f97338cb9353a784934608e0e0e9c2e to remote] http.wire 72 - http-outgoing-0 >> "POST /session/2f97338cb9353a784934608e0e0e9c2e/timeouts HTTP/1.1[\r][\n]"
08-31-2022 22:18:04 Wire.java DEBUG [Forwarding setTimeout on session 2f97338cb9353a784934608e0e0e9c2e to remote] http.wire 72 - http-outgoing-0 >> "Content-Type: application/json; charset=utf-8[\r][\n]"
08-31-2022 22:18:04 Wire.java DEBUG [Forwarding setTimeout on session 2f97338cb9353a784934608e0e0e9c2e to remote] http.wire 72 - http-outgoing-0 >> "Content-Length: 30[\r][\n]"
08-31-2022 22:18:04 Wire.java DEBUG [Forwarding setTimeout on session 2f97338cb9353a784934608e0e0e9c2e to remote] http.wire 72 - http-outgoing-0 >> "Host: localhost:34933[\r][\n]"
08-31-2022 22:18:04 Wire.java DEBUG [Forwarding setTimeout on session 2f97338cb9353a784934608e0e0e9c2e to remote] http.wire 72 - http-outgoing-0 >> "Connection: Keep-Alive[\r][\n]"
08-31-2022 22:18:04 Wire.java DEBUG [Forwarding setTimeout on session 2f97338cb9353a784934608e0e0e9c2e to remote] http.wire 72 - http-outgoing-0 >> "User-Agent: Apache-HttpClient/4.5.2 (Java/11.0.12)[\r][\n]"
08-31-2022 22:18:04 Wire.java DEBUG [Forwarding setTimeout on session 2f97338cb9353a784934608e0e0e9c2e to remote] http.wire 72 - http-outgoing-0 >> "Accept-Encoding: gzip,deflate[\r][\n]"
08-31-2022 22:18:04 Wire.java DEBUG [Forwarding setTimeout on session 2f97338cb9353a784934608e0e0e9c2e to remote] http.wire 72 - http-outgoing-0 >> "[\r][\n]"
08-31-2022 22:18:04 Wire.java DEBUG [Forwarding setTimeout on session 2f97338cb9353a784934608e0e0e9c2e to remote] http.wire 86 - http-outgoing-0 >> "{"type":"implicit","ms":10000}"
08-31-2022 22:18:04 Wire.java DEBUG [Forwarding setTimeout on session 2f97338cb9353a784934608e0e0e9c2e to remote] http.wire 72 - http-outgoing-0 << "HTTP/1.1 200 OK[\r][\n]"
08-31-2022 22:18:04 Wire.java DEBUG [Forwarding setTimeout on session 2f97338cb9353a784934608e0e0e9c2e to remote] http.wire 72 - http-outgoing-0 << "Content-Length:72[\r][\n]"
08-31-2022 22:18:04 Wire.java DEBUG [Forwarding setTimeout on session 2f97338cb9353a784934608e0e0e9c2e to remote] http.wire 72 - http-outgoing-0 << "Content-Type:application/json; charset=utf-8[\r][\n]"
08-31-2022 22:18:04 Wire.java DEBUG [Forwarding setTimeout on session 2f97338cb9353a784934608e0e0e9c2e to remote] http.wire 72 - http-outgoing-0 << "[\r][\n]"
08-31-2022 22:18:04 Wire.java DEBUG [Forwarding setTimeout on session 2f97338cb9353a784934608e0e0e9c2e to remote] http.wire 86 - http-outgoing-0 << "{"sessionId":"2f97338cb9353a784934608e0e0e9c2e","status":0,"value":null}"
08-31-2022 22:18:04 LoggingManagedHttpClientConnection.java DEBUG [Forwarding setTimeout on session 2f97338cb9353a784934608e0e0e9c2e to remote] http.headers 124 - http-outgoing-0 << HTTP/1.1 200 OK
08-31-2022 22:18:04 LoggingManagedHttpClientConnection.java DEBUG [Forwarding setTimeout on session 2f97338cb9353a784934608e0e0e9c2e to remote] http.headers 127 - http-outgoing-0 << Content-Length:72
08-31-2022 22:18:04 LoggingManagedHttpClientConnection.java DEBUG [Forwarding setTimeout on session 2f97338cb9353a784934608e0e0e9c2e to remote] http.headers 127 - http-outgoing-0 << Content-Type:application/json; charset=utf-8
08-31-2022 22:18:04 MainClientExec.java DEBUG [Forwarding setTimeout on session 2f97338cb9353a784934608e0e0e9c2e to remote] execchain.MainClientExec 284 - Connection can be kept alive indefinitely
08-31-2022 22:18:04 PoolingHttpClientConnectionManager.java DEBUG [Forwarding setTimeout on session 2f97338cb9353a784934608e0e0e9c2e to remote] conn.PoolingHttpClientConnectionManager 314 - Connection [id: 0][route: {}->http://localhost:34933] can be kept alive indefinitely
08-31-2022 22:18:04 PoolingHttpClientConnectionManager.java DEBUG [Forwarding setTimeout on session 2f97338cb9353a784934608e0e0e9c2e to remote] conn.PoolingHttpClientConnectionManager 320 - Connection released: [id: 0][route: {}->http://localhost:34933][total kept alive: 1; route allocated: 1 of 2000; total allocated: 1 of 2000]
08-31-2022 22:18:04 RequestAddCookies.java DEBUG [Forwarding get on session 2f97338cb9353a784934608e0e0e9c2e to remote] protocol.RequestAddCookies 122 - CookieSpec selected: default
08-31-2022 22:18:04 RequestAuthCache.java DEBUG [Forwarding get on session 2f97338cb9353a784934608e0e0e9c2e to remote] protocol.RequestAuthCache 76 - Auth cache not set in the context
08-31-2022 22:18:04 PoolingHttpClientConnectionManager.java DEBUG [Forwarding get on session 2f97338cb9353a784934608e0e0e9c2e to remote] conn.PoolingHttpClientConnectionManager 249 - Connection request: [route: {}->http://localhost:34933][total kept alive: 1; route allocated: 1 of 2000; total allocated: 1 of 2000]
08-31-2022 22:18:04 PoolingHttpClientConnectionManager.java DEBUG [Forwarding get on session 2f97338cb9353a784934608e0e0e9c2e to remote] conn.PoolingHttpClientConnectionManager 282 - Connection leased: [id: 0][route: {}->http://localhost:34933][total kept alive: 0; route allocated: 1 of 2000; total allocated: 1 of 2000]
08-31-2022 22:18:04 MainClientExec.java DEBUG [Forwarding get on session 2f97338cb9353a784934608e0e0e9c2e to remote] execchain.MainClientExec 207 - Stale connection check
08-31-2022 22:18:04 Wire.java DEBUG [Forwarding get on session 2f97338cb9353a784934608e0e0e9c2e to remote] http.wire 86 - http-outgoing-0 << "[read] I/O error: Read timed out"
08-31-2022 22:18:04 LoggingManagedHttpClientConnection.java DEBUG [Forwarding get on session 2f97338cb9353a784934608e0e0e9c2e to remote] conn.DefaultManagedHttpClientConnection 90 - http-outgoing-0: set socket timeout to 10800000
08-31-2022 22:18:04 MainClientExec.java DEBUG [Forwarding get on session 2f97338cb9353a784934608e0e0e9c2e to remote] execchain.MainClientExec 255 - Executing request POST /session/2f97338cb9353a784934608e0e0e9c2e/url HTTP/1.1
08-31-2022 22:18:04 MainClientExec.java DEBUG [Forwarding get on session 2f97338cb9353a784934608e0e0e9c2e to remote] execchain.MainClientExec 260 - Target auth state: UNCHALLENGED
08-31-2022 22:18:04 MainClientExec.java DEBUG [Forwarding get on session 2f97338cb9353a784934608e0e0e9c2e to remote] execchain.MainClientExec 266 - Proxy auth state: UNCHALLENGED
08-31-2022 22:18:04 LoggingManagedHttpClientConnection.java DEBUG [Forwarding get on session 2f97338cb9353a784934608e0e0e9c2e to remote] http.headers 135 - http-outgoing-0 >> POST /session/2f97338cb9353a784934608e0e0e9c2e/url HTTP/1.1
08-31-2022 22:18:04 LoggingManagedHttpClientConnection.java DEBUG [Forwarding get on session 2f97338cb9353a784934608e0e0e9c2e to remote] http.headers 138 - http-outgoing-0 >> Content-Type: application/json; charset=utf-8
08-31-2022 22:18:04 LoggingManagedHttpClientConnection.java DEBUG [Forwarding get on session 2f97338cb9353a784934608e0e0e9c2e to remote] http.headers 138 - http-outgoing-0 >> Content-Length: 37
08-31-2022 22:18:04 LoggingManagedHttpClientConnection.java DEBUG [Forwarding get on session 2f97338cb9353a784934608e0e0e9c2e to remote] http.headers 138 - http-outgoing-0 >> Host: localhost:34933
08-31-2022 22:18:04 LoggingManagedHttpClientConnection.java DEBUG [Forwarding get on session 2f97338cb9353a784934608e0e0e9c2e to remote] http.headers 138 - http-outgoing-0 >> Connection: Keep-Alive
08-31-2022 22:18:04 LoggingManagedHttpClientConnection.java DEBUG [Forwarding get on session 2f97338cb9353a784934608e0e0e9c2e to remote] http.headers 138 - http-outgoing-0 >> User-Agent: Apache-HttpClient/4.5.2 (Java/11.0.12)
08-31-2022 22:18:04 LoggingManagedHttpClientConnection.java DEBUG [Forwarding get on session 2f97338cb9353a784934608e0e0e9c2e to remote] http.headers 138 - http-outgoing-0 >> Accept-Encoding: gzip,deflate
08-31-2022 22:18:04 Wire.java DEBUG [Forwarding get on session 2f97338cb9353a784934608e0e0e9c2e to remote] http.wire 72 - http-outgoing-0 >> "POST /session/2f97338cb9353a784934608e0e0e9c2e/url HTTP/1.1[\r][\n]"
08-31-2022 22:18:04 Wire.java DEBUG [Forwarding get on session 2f97338cb9353a784934608e0e0e9c2e to remote] http.wire 72 - http-outgoing-0 >> "Content-Type: application/json; charset=utf-8[\r][\n]"
08-31-2022 22:18:04 Wire.java DEBUG [Forwarding get on session 2f97338cb9353a784934608e0e0e9c2e to remote] http.wire 72 - http-outgoing-0 >> "Content-Length: 37[\r][\n]"
08-31-2022 22:18:04 Wire.java DEBUG [Forwarding get on session 2f97338cb9353a784934608e0e0e9c2e to remote] http.wire 72 - http-outgoing-0 >> "Host: localhost:34933[\r][\n]"
08-31-2022 22:18:04 Wire.java DEBUG [Forwarding get on session 2f97338cb9353a784934608e0e0e9c2e to remote] http.wire 72 - http-outgoing-0 >> "Connection: Keep-Alive[\r][\n]"
08-31-2022 22:18:04 Wire.java DEBUG [Forwarding get on session 2f97338cb9353a784934608e0e0e9c2e to remote] http.wire 72 - http-outgoing-0 >> "User-Agent: Apache-HttpClient/4.5.2 (Java/11.0.12)[\r][\n]"
08-31-2022 22:18:04 Wire.java DEBUG [Forwarding get on session 2f97338cb9353a784934608e0e0e9c2e to remote] http.wire 72 - http-outgoing-0 >> "Accept-Encoding: gzip,deflate[\r][\n]"
08-31-2022 22:18:04 Wire.java DEBUG [Forwarding get on session 2f97338cb9353a784934608e0e0e9c2e to remote] http.wire 72 - http-outgoing-0 >> "[\r][\n]"
08-31-2022 22:18:04 Wire.java DEBUG [Forwarding get on session 2f97338cb9353a784934608e0e0e9c2e to remote] http.wire 86 - http-outgoing-0 >> "{"url":"https://demo.guru99.com/V4/"}"
08-31-2022 22:18:10 Wire.java DEBUG [Forwarding get on session 2f97338cb9353a784934608e0e0e9c2e to remote] http.wire 72 - http-outgoing-0 << "HTTP/1.1 200 OK[\r][\n]"
08-31-2022 22:18:10 Wire.java DEBUG [Forwarding get on session 2f97338cb9353a784934608e0e0e9c2e to remote] http.wire 72 - http-outgoing-0 << "Content-Length:72[\r][\n]"
08-31-2022 22:18:10 Wire.java DEBUG [Forwarding get on session 2f97338cb9353a784934608e0e0e9c2e to remote] http.wire 72 - http-outgoing-0 << "Content-Type:application/json; charset=utf-8[\r][\n]"
08-31-2022 22:18:10 Wire.java DEBUG [Forwarding get on session 2f97338cb9353a784934608e0e0e9c2e to remote] http.wire 72 - http-outgoing-0 << "[\r][\n]"
08-31-2022 22:18:10 Wire.java DEBUG [Forwarding get on session 2f97338cb9353a784934608e0e0e9c2e to remote] http.wire 86 - http-outgoing-0 << "{"sessionId":"2f97338cb9353a784934608e0e0e9c2e","status":0,"value":null}"
08-31-2022 22:18:10 LoggingManagedHttpClientConnection.java DEBUG [Forwarding get on session 2f97338cb9353a784934608e0e0e9c2e to remote] http.headers 124 - http-outgoing-0 << HTTP/1.1 200 OK
08-31-2022 22:18:10 LoggingManagedHttpClientConnection.java DEBUG [Forwarding get on session 2f97338cb9353a784934608e0e0e9c2e to remote] http.headers 127 - http-outgoing-0 << Content-Length:72
08-31-2022 22:18:10 LoggingManagedHttpClientConnection.java DEBUG [Forwarding get on session 2f97338cb9353a784934608e0e0e9c2e to remote] http.headers 127 - http-outgoing-0 << Content-Type:application/json; charset=utf-8
08-31-2022 22:18:10 MainClientExec.java DEBUG [Forwarding get on session 2f97338cb9353a784934608e0e0e9c2e to remote] execchain.MainClientExec 284 - Connection can be kept alive indefinitely
08-31-2022 22:18:10 PoolingHttpClientConnectionManager.java DEBUG [Forwarding get on session 2f97338cb9353a784934608e0e0e9c2e to remote] conn.PoolingHttpClientConnectionManager 314 - Connection [id: 0][route: {}->http://localhost:34933] can be kept alive indefinitely
08-31-2022 22:18:10 PoolingHttpClientConnectionManager.java DEBUG [Forwarding get on session 2f97338cb9353a784934608e0e0e9c2e to remote] conn.PoolingHttpClientConnectionManager 320 - Connection released: [id: 0][route: {}->http://localhost:34933][total kept alive: 1; route allocated: 1 of 2000; total allocated: 1 of 2000]
08-31-2022 22:18:10 TC_LoginTest_001.java INFO  [main] e-Banking 18 - URL is opened
08-31-2022 22:18:10 RequestAddCookies.java DEBUG [Forwarding findElement on session 2f97338cb9353a784934608e0e0e9c2e to remote] protocol.RequestAddCookies 122 - CookieSpec selected: default
08-31-2022 22:18:10 RequestAuthCache.java DEBUG [Forwarding findElement on session 2f97338cb9353a784934608e0e0e9c2e to remote] protocol.RequestAuthCache 76 - Auth cache not set in the context
08-31-2022 22:18:10 PoolingHttpClientConnectionManager.java DEBUG [Forwarding findElement on session 2f97338cb9353a784934608e0e0e9c2e to remote] conn.PoolingHttpClientConnectionManager 249 - Connection request: [route: {}->http://localhost:34933][total kept alive: 1; route allocated: 1 of 2000; total allocated: 1 of 2000]
08-31-2022 22:18:10 PoolingHttpClientConnectionManager.java DEBUG [Forwarding findElement on session 2f97338cb9353a784934608e0e0e9c2e to remote] conn.PoolingHttpClientConnectionManager 282 - Connection leased: [id: 0][route: {}->http://localhost:34933][total kept alive: 0; route allocated: 1 of 2000; total allocated: 1 of 2000]
08-31-2022 22:18:10 MainClientExec.java DEBUG [Forwarding findElement on session 2f97338cb9353a784934608e0e0e9c2e to remote] execchain.MainClientExec 207 - Stale connection check
08-31-2022 22:18:10 Wire.java DEBUG [Forwarding findElement on session 2f97338cb9353a784934608e0e0e9c2e to remote] http.wire 86 - http-outgoing-0 << "[read] I/O error: Read timed out"
08-31-2022 22:18:10 LoggingManagedHttpClientConnection.java DEBUG [Forwarding findElement on session 2f97338cb9353a784934608e0e0e9c2e to remote] conn.DefaultManagedHttpClientConnection 90 - http-outgoing-0: set socket timeout to 10800000
08-31-2022 22:18:10 MainClientExec.java DEBUG [Forwarding findElement on session 2f97338cb9353a784934608e0e0e9c2e to remote] execchain.MainClientExec 255 - Executing request POST /session/2f97338cb9353a784934608e0e0e9c2e/element HTTP/1.1
08-31-2022 22:18:10 MainClientExec.java DEBUG [Forwarding findElement on session 2f97338cb9353a784934608e0e0e9c2e to remote] execchain.MainClientExec 260 - Target auth state: UNCHALLENGED
08-31-2022 22:18:10 MainClientExec.java DEBUG [Forwarding findElement on session 2f97338cb9353a784934608e0e0e9c2e to remote] execchain.MainClientExec 266 - Proxy auth state: UNCHALLENGED
08-31-2022 22:18:10 LoggingManagedHttpClientConnection.java DEBUG [Forwarding findElement on session 2f97338cb9353a784934608e0e0e9c2e to remote] http.headers 135 - http-outgoing-0 >> POST /session/2f97338cb9353a784934608e0e0e9c2e/element HTTP/1.1
08-31-2022 22:18:10 LoggingManagedHttpClientConnection.java DEBUG [Forwarding findElement on session 2f97338cb9353a784934608e0e0e9c2e to remote] http.headers 138 - http-outgoing-0 >> Content-Type: application/json; charset=utf-8
08-31-2022 22:18:10 LoggingManagedHttpClientConnection.java DEBUG [Forwarding findElement on session 2f97338cb9353a784934608e0e0e9c2e to remote] http.headers 138 - http-outgoing-0 >> Content-Length: 30
08-31-2022 22:18:10 LoggingManagedHttpClientConnection.java DEBUG [Forwarding findElement on session 2f97338cb9353a784934608e0e0e9c2e to remote] http.headers 138 - http-outgoing-0 >> Host: localhost:34933
08-31-2022 22:18:10 LoggingManagedHttpClientConnection.java DEBUG [Forwarding findElement on session 2f97338cb9353a784934608e0e0e9c2e to remote] http.headers 138 - http-outgoing-0 >> Connection: Keep-Alive
08-31-2022 22:18:10 LoggingManagedHttpClientConnection.java DEBUG [Forwarding findElement on session 2f97338cb9353a784934608e0e0e9c2e to remote] http.headers 138 - http-outgoing-0 >> User-Agent: Apache-HttpClient/4.5.2 (Java/11.0.12)
08-31-2022 22:18:10 LoggingManagedHttpClientConnection.java DEBUG [Forwarding findElement on session 2f97338cb9353a784934608e0e0e9c2e to remote] http.headers 138 - http-outgoing-0 >> Accept-Encoding: gzip,deflate
08-31-2022 22:18:10 Wire.java DEBUG [Forwarding findElement on session 2f97338cb9353a784934608e0e0e9c2e to remote] http.wire 72 - http-outgoing-0 >> "POST /session/2f97338cb9353a784934608e0e0e9c2e/element HTTP/1.1[\r][\n]"
08-31-2022 22:18:10 Wire.java DEBUG [Forwarding findElement on session 2f97338cb9353a784934608e0e0e9c2e to remote] http.wire 72 - http-outgoing-0 >> "Content-Type: application/json; charset=utf-8[\r][\n]"
08-31-2022 22:18:10 Wire.java DEBUG [Forwarding findElement on session 2f97338cb9353a784934608e0e0e9c2e to remote] http.wire 72 - http-outgoing-0 >> "Content-Length: 30[\r][\n]"
08-31-2022 22:18:10 Wire.java DEBUG [Forwarding findElement on session 2f97338cb9353a784934608e0e0e9c2e to remote] http.wire 72 - http-outgoing-0 >> "Host: localhost:34933[\r][\n]"
08-31-2022 22:18:10 Wire.java DEBUG [Forwarding findElement on session 2f97338cb9353a784934608e0e0e9c2e to remote] http.wire 72 - http-outgoing-0 >> "Connection: Keep-Alive[\r][\n]"
08-31-2022 22:18:10 Wire.java DEBUG [Forwarding findElement on session 2f97338cb9353a784934608e0e0e9c2e to remote] http.wire 72 - http-outgoing-0 >> "User-Agent: Apache-HttpClient/4.5.2 (Java/11.0.12)[\r][\n]"
08-31-2022 22:18:10 Wire.java DEBUG [Forwarding findElement on session 2f97338cb9353a784934608e0e0e9c2e to remote] http.wire 72 - http-outgoing-0 >> "Accept-Encoding: gzip,deflate[\r][\n]"
08-31-2022 22:18:10 Wire.java DEBUG [Forwarding findElement on session 2f97338cb9353a784934608e0e0e9c2e to remote] http.wire 72 - http-outgoing-0 >> "[\r][\n]"
08-31-2022 22:18:10 Wire.java DEBUG [Forwarding findElement on session 2f97338cb9353a784934608e0e0e9c2e to remote] http.wire 86 - http-outgoing-0 >> "{"using":"name","value":"uid"}"
08-31-2022 22:18:10 Wire.java DEBUG [Forwarding findElement on session 2f97338cb9353a784934608e0e0e9c2e to remote] http.wire 72 - http-outgoing-0 << "HTTP/1.1 200 OK[\r][\n]"
08-31-2022 22:18:10 Wire.java DEBUG [Forwarding findElement on session 2f97338cb9353a784934608e0e0e9c2e to remote] http.wire 72 - http-outgoing-0 << "Content-Length:102[\r][\n]"
08-31-2022 22:18:10 Wire.java DEBUG [Forwarding findElement on session 2f97338cb9353a784934608e0e0e9c2e to remote] http.wire 72 - http-outgoing-0 << "Content-Type:application/json; charset=utf-8[\r][\n]"
08-31-2022 22:18:10 Wire.java DEBUG [Forwarding findElement on session 2f97338cb9353a784934608e0e0e9c2e to remote] http.wire 72 - http-outgoing-0 << "[\r][\n]"
08-31-2022 22:18:10 Wire.java DEBUG [Forwarding findElement on session 2f97338cb9353a784934608e0e0e9c2e to remote] http.wire 86 - http-outgoing-0 << "{"sessionId":"2f97338cb9353a784934608e0e0e9c2e","status":0,"value":{"ELEMENT":"0.4288142205450427-1"}}"
08-31-2022 22:18:10 LoggingManagedHttpClientConnection.java DEBUG [Forwarding findElement on session 2f97338cb9353a784934608e0e0e9c2e to remote] http.headers 124 - http-outgoing-0 << HTTP/1.1 200 OK
08-31-2022 22:18:10 LoggingManagedHttpClientConnection.java DEBUG [Forwarding findElement on session 2f97338cb9353a784934608e0e0e9c2e to remote] http.headers 127 - http-outgoing-0 << Content-Length:102
08-31-2022 22:18:10 LoggingManagedHttpClientConnection.java DEBUG [Forwarding findElement on session 2f97338cb9353a784934608e0e0e9c2e to remote] http.headers 127 - http-outgoing-0 << Content-Type:application/json; charset=utf-8
08-31-2022 22:18:10 MainClientExec.java DEBUG [Forwarding findElement on session 2f97338cb9353a784934608e0e0e9c2e to remote] execchain.MainClientExec 284 - Connection can be kept alive indefinitely
08-31-2022 22:18:10 PoolingHttpClientConnectionManager.java DEBUG [Forwarding findElement on session 2f97338cb9353a784934608e0e0e9c2e to remote] conn.PoolingHttpClientConnectionManager 314 - Connection [id: 0][route: {}->http://localhost:34933] can be kept alive indefinitely
08-31-2022 22:18:10 PoolingHttpClientConnectionManager.java DEBUG [Forwarding findElement on session 2f97338cb9353a784934608e0e0e9c2e to remote] conn.PoolingHttpClientConnectionManager 320 - Connection released: [id: 0][route: {}->http://localhost:34933][total kept alive: 1; route allocated: 1 of 2000; total allocated: 1 of 2000]
08-31-2022 22:18:10 RequestAddCookies.java DEBUG [Forwarding sendKeysToElement on session 2f97338cb9353a784934608e0e0e9c2e to remote] protocol.RequestAddCookies 122 - CookieSpec selected: default
08-31-2022 22:18:10 RequestAuthCache.java DEBUG [Forwarding sendKeysToElement on session 2f97338cb9353a784934608e0e0e9c2e to remote] protocol.RequestAuthCache 76 - Auth cache not set in the context
08-31-2022 22:18:10 PoolingHttpClientConnectionManager.java DEBUG [Forwarding sendKeysToElement on session 2f97338cb9353a784934608e0e0e9c2e to remote] conn.PoolingHttpClientConnectionManager 249 - Connection request: [route: {}->http://localhost:34933][total kept alive: 1; route allocated: 1 of 2000; total allocated: 1 of 2000]
08-31-2022 22:18:10 PoolingHttpClientConnectionManager.java DEBUG [Forwarding sendKeysToElement on session 2f97338cb9353a784934608e0e0e9c2e to remote] conn.PoolingHttpClientConnectionManager 282 - Connection leased: [id: 0][route: {}->http://localhost:34933][total kept alive: 0; route allocated: 1 of 2000; total allocated: 1 of 2000]
08-31-2022 22:18:10 MainClientExec.java DEBUG [Forwarding sendKeysToElement on session 2f97338cb9353a784934608e0e0e9c2e to remote] execchain.MainClientExec 207 - Stale connection check
08-31-2022 22:18:10 Wire.java DEBUG [Forwarding sendKeysToElement on session 2f97338cb9353a784934608e0e0e9c2e to remote] http.wire 86 - http-outgoing-0 << "[read] I/O error: Read timed out"
08-31-2022 22:18:10 LoggingManagedHttpClientConnection.java DEBUG [Forwarding sendKeysToElement on session 2f97338cb9353a784934608e0e0e9c2e to remote] conn.DefaultManagedHttpClientConnection 90 - http-outgoing-0: set socket timeout to 10800000
08-31-2022 22:18:10 MainClientExec.java DEBUG [Forwarding sendKeysToElement on session 2f97338cb9353a784934608e0e0e9c2e to remote] execchain.MainClientExec 255 - Executing request POST /session/2f97338cb9353a784934608e0e0e9c2e/element/0.4288142205450427-1/value HTTP/1.1
08-31-2022 22:18:10 MainClientExec.java DEBUG [Forwarding sendKeysToElement on session 2f97338cb9353a784934608e0e0e9c2e to remote] execchain.MainClientExec 260 - Target auth state: UNCHALLENGED
08-31-2022 22:18:10 MainClientExec.java DEBUG [Forwarding sendKeysToElement on session 2f97338cb9353a784934608e0e0e9c2e to remote] execchain.MainClientExec 266 - Proxy auth state: UNCHALLENGED
08-31-2022 22:18:10 LoggingManagedHttpClientConnection.java DEBUG [Forwarding sendKeysToElement on session 2f97338cb9353a784934608e0e0e9c2e to remote] http.headers 135 - http-outgoing-0 >> POST /session/2f97338cb9353a784934608e0e0e9c2e/element/0.4288142205450427-1/value HTTP/1.1
08-31-2022 22:18:10 LoggingManagedHttpClientConnection.java DEBUG [Forwarding sendKeysToElement on session 2f97338cb9353a784934608e0e0e9c2e to remote] http.headers 138 - http-outgoing-0 >> Content-Type: application/json; charset=utf-8
08-31-2022 22:18:10 LoggingManagedHttpClientConnection.java DEBUG [Forwarding sendKeysToElement on session 2f97338cb9353a784934608e0e0e9c2e to remote] http.headers 138 - http-outgoing-0 >> Content-Length: 51
08-31-2022 22:18:10 LoggingManagedHttpClientConnection.java DEBUG [Forwarding sendKeysToElement on session 2f97338cb9353a784934608e0e0e9c2e to remote] http.headers 138 - http-outgoing-0 >> Host: localhost:34933
08-31-2022 22:18:10 LoggingManagedHttpClientConnection.java DEBUG [Forwarding sendKeysToElement on session 2f97338cb9353a784934608e0e0e9c2e to remote] http.headers 138 - http-outgoing-0 >> Connection: Keep-Alive
08-31-2022 22:18:10 LoggingManagedHttpClientConnection.java DEBUG [Forwarding sendKeysToElement on session 2f97338cb9353a784934608e0e0e9c2e to remote] http.headers 138 - http-outgoing-0 >> User-Agent: Apache-HttpClient/4.5.2 (Java/11.0.12)
08-31-2022 22:18:10 LoggingManagedHttpClientConnection.java DEBUG [Forwarding sendKeysToElement on session 2f97338cb9353a784934608e0e0e9c2e to remote] http.headers 138 - http-outgoing-0 >> Accept-Encoding: gzip,deflate
08-31-2022 22:18:10 Wire.java DEBUG [Forwarding sendKeysToElement on session 2f97338cb9353a784934608e0e0e9c2e to remote] http.wire 72 - http-outgoing-0 >> "POST /session/2f97338cb9353a784934608e0e0e9c2e/element/0.4288142205450427-1/value HTTP/1.1[\r][\n]"
08-31-2022 22:18:10 Wire.java DEBUG [Forwarding sendKeysToElement on session 2f97338cb9353a784934608e0e0e9c2e to remote] http.wire 72 - http-outgoing-0 >> "Content-Type: application/json; charset=utf-8[\r][\n]"
08-31-2022 22:18:10 Wire.java DEBUG [Forwarding sendKeysToElement on session 2f97338cb9353a784934608e0e0e9c2e to remote] http.wire 72 - http-outgoing-0 >> "Content-Length: 51[\r][\n]"
08-31-2022 22:18:10 Wire.java DEBUG [Forwarding sendKeysToElement on session 2f97338cb9353a784934608e0e0e9c2e to remote] http.wire 72 - http-outgoing-0 >> "Host: localhost:34933[\r][\n]"
08-31-2022 22:18:10 Wire.java DEBUG [Forwarding sendKeysToElement on session 2f97338cb9353a784934608e0e0e9c2e to remote] http.wire 72 - http-outgoing-0 >> "Connection: Keep-Alive[\r][\n]"
08-31-2022 22:18:10 Wire.java DEBUG [Forwarding sendKeysToElement on session 2f97338cb9353a784934608e0e0e9c2e to remote] http.wire 72 - http-outgoing-0 >> "User-Agent: Apache-HttpClient/4.5.2 (Java/11.0.12)[\r][\n]"
08-31-2022 22:18:10 Wire.java DEBUG [Forwarding sendKeysToElement on session 2f97338cb9353a784934608e0e0e9c2e to remote] http.wire 72 - http-outgoing-0 >> "Accept-Encoding: gzip,deflate[\r][\n]"
08-31-2022 22:18:10 Wire.java DEBUG [Forwarding sendKeysToElement on session 2f97338cb9353a784934608e0e0e9c2e to remote] http.wire 72 - http-outgoing-0 >> "[\r][\n]"
08-31-2022 22:18:10 Wire.java DEBUG [Forwarding sendKeysToElement on session 2f97338cb9353a784934608e0e0e9c2e to remote] http.wire 86 - http-outgoing-0 >> "{"id":"0.4288142205450427-1","value":["mngr26593"]}"
08-31-2022 22:18:10 Wire.java DEBUG [Forwarding sendKeysToElement on session 2f97338cb9353a784934608e0e0e9c2e to remote] http.wire 72 - http-outgoing-0 << "HTTP/1.1 200 OK[\r][\n]"
08-31-2022 22:18:10 Wire.java DEBUG [Forwarding sendKeysToElement on session 2f97338cb9353a784934608e0e0e9c2e to remote] http.wire 72 - http-outgoing-0 << "Content-Length:72[\r][\n]"
08-31-2022 22:18:10 Wire.java DEBUG [Forwarding sendKeysToElement on session 2f97338cb9353a784934608e0e0e9c2e to remote] http.wire 72 - http-outgoing-0 << "Content-Type:application/json; charset=utf-8[\r][\n]"
08-31-2022 22:18:10 Wire.java DEBUG [Forwarding sendKeysToElement on session 2f97338cb9353a784934608e0e0e9c2e to remote] http.wire 72 - http-outgoing-0 << "[\r][\n]"
08-31-2022 22:18:10 Wire.java DEBUG [Forwarding sendKeysToElement on session 2f97338cb9353a784934608e0e0e9c2e to remote] http.wire 86 - http-outgoing-0 << "{"sessionId":"2f97338cb9353a784934608e0e0e9c2e","status":0,"value":null}"
08-31-2022 22:18:10 LoggingManagedHttpClientConnection.java DEBUG [Forwarding sendKeysToElement on session 2f97338cb9353a784934608e0e0e9c2e to remote] http.headers 124 - http-outgoing-0 << HTTP/1.1 200 OK
08-31-2022 22:18:10 LoggingManagedHttpClientConnection.java DEBUG [Forwarding sendKeysToElement on session 2f97338cb9353a784934608e0e0e9c2e to remote] http.headers 127 - http-outgoing-0 << Content-Length:72
08-31-2022 22:18:10 LoggingManagedHttpClientConnection.java DEBUG [Forwarding sendKeysToElement on session 2f97338cb9353a784934608e0e0e9c2e to remote] http.headers 127 - http-outgoing-0 << Content-Type:application/json; charset=utf-8
08-31-2022 22:18:10 MainClientExec.java DEBUG [Forwarding sendKeysToElement on session 2f97338cb9353a784934608e0e0e9c2e to remote] execchain.MainClientExec 284 - Connection can be kept alive indefinitely
08-31-2022 22:18:10 PoolingHttpClientConnectionManager.java DEBUG [Forwarding sendKeysToElement on session 2f97338cb9353a784934608e0e0e9c2e to remote] conn.PoolingHttpClientConnectionManager 314 - Connection [id: 0][route: {}->http://localhost:34933] can be kept alive indefinitely
08-31-2022 22:18:10 PoolingHttpClientConnectionManager.java DEBUG [Forwarding sendKeysToElement on session 2f97338cb9353a784934608e0e0e9c2e to remote] conn.PoolingHttpClientConnectionManager 320 - Connection released: [id: 0][route: {}->http://localhost:34933][total kept alive: 1; route allocated: 1 of 2000; total allocated: 1 of 2000]
08-31-2022 22:18:10 TC_LoginTest_001.java INFO  [main] e-Banking 23 - UserName is Entered
08-31-2022 22:18:10 RequestAddCookies.java DEBUG [Forwarding findElement on session 2f97338cb9353a784934608e0e0e9c2e to remote] protocol.RequestAddCookies 122 - CookieSpec selected: default
08-31-2022 22:18:10 RequestAuthCache.java DEBUG [Forwarding findElement on session 2f97338cb9353a784934608e0e0e9c2e to remote] protocol.RequestAuthCache 76 - Auth cache not set in the context
08-31-2022 22:18:10 PoolingHttpClientConnectionManager.java DEBUG [Forwarding findElement on session 2f97338cb9353a784934608e0e0e9c2e to remote] conn.PoolingHttpClientConnectionManager 249 - Connection request: [route: {}->http://localhost:34933][total kept alive: 1; route allocated: 1 of 2000; total allocated: 1 of 2000]
08-31-2022 22:18:10 PoolingHttpClientConnectionManager.java DEBUG [Forwarding findElement on session 2f97338cb9353a784934608e0e0e9c2e to remote] conn.PoolingHttpClientConnectionManager 282 - Connection leased: [id: 0][route: {}->http://localhost:34933][total kept alive: 0; route allocated: 1 of 2000; total allocated: 1 of 2000]
08-31-2022 22:18:10 MainClientExec.java DEBUG [Forwarding findElement on session 2f97338cb9353a784934608e0e0e9c2e to remote] execchain.MainClientExec 207 - Stale connection check
08-31-2022 22:18:10 Wire.java DEBUG [Forwarding findElement on session 2f97338cb9353a784934608e0e0e9c2e to remote] http.wire 86 - http-outgoing-0 << "[read] I/O error: Read timed out"
08-31-2022 22:18:10 LoggingManagedHttpClientConnection.java DEBUG [Forwarding findElement on session 2f97338cb9353a784934608e0e0e9c2e to remote] conn.DefaultManagedHttpClientConnection 90 - http-outgoing-0: set socket timeout to 10800000
08-31-2022 22:18:10 MainClientExec.java DEBUG [Forwarding findElement on session 2f97338cb9353a784934608e0e0e9c2e to remote] execchain.MainClientExec 255 - Executing request POST /session/2f97338cb9353a784934608e0e0e9c2e/element HTTP/1.1
08-31-2022 22:18:10 MainClientExec.java DEBUG [Forwarding findElement on session 2f97338cb9353a784934608e0e0e9c2e to remote] execchain.MainClientExec 260 - Target auth state: UNCHALLENGED
08-31-2022 22:18:10 MainClientExec.java DEBUG [Forwarding findElement on session 2f97338cb9353a784934608e0e0e9c2e to remote] execchain.MainClientExec 266 - Proxy auth state: UNCHALLENGED
08-31-2022 22:18:10 LoggingManagedHttpClientConnection.java DEBUG [Forwarding findElement on session 2f97338cb9353a784934608e0e0e9c2e to remote] http.headers 135 - http-outgoing-0 >> POST /session/2f97338cb9353a784934608e0e0e9c2e/element HTTP/1.1
08-31-2022 22:18:10 LoggingManagedHttpClientConnection.java DEBUG [Forwarding findElement on session 2f97338cb9353a784934608e0e0e9c2e to remote] http.headers 138 - http-outgoing-0 >> Content-Type: application/json; charset=utf-8
08-31-2022 22:18:10 LoggingManagedHttpClientConnection.java DEBUG [Forwarding findElement on session 2f97338cb9353a784934608e0e0e9c2e to remote] http.headers 138 - http-outgoing-0 >> Content-Length: 35
08-31-2022 22:18:10 LoggingManagedHttpClientConnection.java DEBUG [Forwarding findElement on session 2f97338cb9353a784934608e0e0e9c2e to remote] http.headers 138 - http-outgoing-0 >> Host: localhost:34933
08-31-2022 22:18:10 LoggingManagedHttpClientConnection.java DEBUG [Forwarding findElement on session 2f97338cb9353a784934608e0e0e9c2e to remote] http.headers 138 - http-outgoing-0 >> Connection: Keep-Alive
08-31-2022 22:18:10 LoggingManagedHttpClientConnection.java DEBUG [Forwarding findElement on session 2f97338cb9353a784934608e0e0e9c2e to remote] http.headers 138 - http-outgoing-0 >> User-Agent: Apache-HttpClient/4.5.2 (Java/11.0.12)
08-31-2022 22:18:10 LoggingManagedHttpClientConnection.java DEBUG [Forwarding findElement on session 2f97338cb9353a784934608e0e0e9c2e to remote] http.headers 138 - http-outgoing-0 >> Accept-Encoding: gzip,deflate
08-31-2022 22:18:10 Wire.java DEBUG [Forwarding findElement on session 2f97338cb9353a784934608e0e0e9c2e to remote] http.wire 72 - http-outgoing-0 >> "POST /session/2f97338cb9353a784934608e0e0e9c2e/element HTTP/1.1[\r][\n]"
08-31-2022 22:18:10 Wire.java DEBUG [Forwarding findElement on session 2f97338cb9353a784934608e0e0e9c2e to remote] http.wire 72 - http-outgoing-0 >> "Content-Type: application/json; charset=utf-8[\r][\n]"
08-31-2022 22:18:10 Wire.java DEBUG [Forwarding findElement on session 2f97338cb9353a784934608e0e0e9c2e to remote] http.wire 72 - http-outgoing-0 >> "Content-Length: 35[\r][\n]"
08-31-2022 22:18:10 Wire.java DEBUG [Forwarding findElement on session 2f97338cb9353a784934608e0e0e9c2e to remote] http.wire 72 - http-outgoing-0 >> "Host: localhost:34933[\r][\n]"
08-31-2022 22:18:10 Wire.java DEBUG [Forwarding findElement on session 2f97338cb9353a784934608e0e0e9c2e to remote] http.wire 72 - http-outgoing-0 >> "Connection: Keep-Alive[\r][\n]"
08-31-2022 22:18:10 Wire.java DEBUG [Forwarding findElement on session 2f97338cb9353a784934608e0e0e9c2e to remote] http.wire 72 - http-outgoing-0 >> "User-Agent: Apache-HttpClient/4.5.2 (Java/11.0.12)[\r][\n]"
08-31-2022 22:18:10 Wire.java DEBUG [Forwarding findElement on session 2f97338cb9353a784934608e0e0e9c2e to remote] http.wire 72 - http-outgoing-0 >> "Accept-Encoding: gzip,deflate[\r][\n]"
08-31-2022 22:18:10 Wire.java DEBUG [Forwarding findElement on session 2f97338cb9353a784934608e0e0e9c2e to remote] http.wire 72 - http-outgoing-0 >> "[\r][\n]"
08-31-2022 22:18:10 Wire.java DEBUG [Forwarding findElement on session 2f97338cb9353a784934608e0e0e9c2e to remote] http.wire 86 - http-outgoing-0 >> "{"using":"name","value":"password"}"
08-31-2022 22:18:10 Wire.java DEBUG [Forwarding findElement on session 2f97338cb9353a784934608e0e0e9c2e to remote] http.wire 72 - http-outgoing-0 << "HTTP/1.1 200 OK[\r][\n]"
08-31-2022 22:18:10 Wire.java DEBUG [Forwarding findElement on session 2f97338cb9353a784934608e0e0e9c2e to remote] http.wire 72 - http-outgoing-0 << "Content-Length:102[\r][\n]"
08-31-2022 22:18:10 Wire.java DEBUG [Forwarding findElement on session 2f97338cb9353a784934608e0e0e9c2e to remote] http.wire 72 - http-outgoing-0 << "Content-Type:application/json; charset=utf-8[\r][\n]"
08-31-2022 22:18:10 Wire.java DEBUG [Forwarding findElement on session 2f97338cb9353a784934608e0e0e9c2e to remote] http.wire 72 - http-outgoing-0 << "[\r][\n]"
08-31-2022 22:18:10 Wire.java DEBUG [Forwarding findElement on session 2f97338cb9353a784934608e0e0e9c2e to remote] http.wire 86 - http-outgoing-0 << "{"sessionId":"2f97338cb9353a784934608e0e0e9c2e","status":0,"value":{"ELEMENT":"0.4288142205450427-3"}}"
08-31-2022 22:18:10 LoggingManagedHttpClientConnection.java DEBUG [Forwarding findElement on session 2f97338cb9353a784934608e0e0e9c2e to remote] http.headers 124 - http-outgoing-0 << HTTP/1.1 200 OK
08-31-2022 22:18:10 LoggingManagedHttpClientConnection.java DEBUG [Forwarding findElement on session 2f97338cb9353a784934608e0e0e9c2e to remote] http.headers 127 - http-outgoing-0 << Content-Length:102
08-31-2022 22:18:10 LoggingManagedHttpClientConnection.java DEBUG [Forwarding findElement on session 2f97338cb9353a784934608e0e0e9c2e to remote] http.headers 127 - http-outgoing-0 << Content-Type:application/json; charset=utf-8
08-31-2022 22:18:10 MainClientExec.java DEBUG [Forwarding findElement on session 2f97338cb9353a784934608e0e0e9c2e to remote] execchain.MainClientExec 284 - Connection can be kept alive indefinitely
08-31-2022 22:18:10 PoolingHttpClientConnectionManager.java DEBUG [Forwarding findElement on session 2f97338cb9353a784934608e0e0e9c2e to remote] conn.PoolingHttpClientConnectionManager 314 - Connection [id: 0][route: {}->http://localhost:34933] can be kept alive indefinitely
08-31-2022 22:18:10 PoolingHttpClientConnectionManager.java DEBUG [Forwarding findElement on session 2f97338cb9353a784934608e0e0e9c2e to remote] conn.PoolingHttpClientConnectionManager 320 - Connection released: [id: 0][route: {}->http://localhost:34933][total kept alive: 1; route allocated: 1 of 2000; total allocated: 1 of 2000]
08-31-2022 22:18:10 RequestAddCookies.java DEBUG [Forwarding sendKeysToElement on session 2f97338cb9353a784934608e0e0e9c2e to remote] protocol.RequestAddCookies 122 - CookieSpec selected: default
08-31-2022 22:18:10 RequestAuthCache.java DEBUG [Forwarding sendKeysToElement on session 2f97338cb9353a784934608e0e0e9c2e to remote] protocol.RequestAuthCache 76 - Auth cache not set in the context
08-31-2022 22:18:10 PoolingHttpClientConnectionManager.java DEBUG [Forwarding sendKeysToElement on session 2f97338cb9353a784934608e0e0e9c2e to remote] conn.PoolingHttpClientConnectionManager 249 - Connection request: [route: {}->http://localhost:34933][total kept alive: 1; route allocated: 1 of 2000; total allocated: 1 of 2000]
08-31-2022 22:18:10 PoolingHttpClientConnectionManager.java DEBUG [Forwarding sendKeysToElement on session 2f97338cb9353a784934608e0e0e9c2e to remote] conn.PoolingHttpClientConnectionManager 282 - Connection leased: [id: 0][route: {}->http://localhost:34933][total kept alive: 0; route allocated: 1 of 2000; total allocated: 1 of 2000]
08-31-2022 22:18:10 MainClientExec.java DEBUG [Forwarding sendKeysToElement on session 2f97338cb9353a784934608e0e0e9c2e to remote] execchain.MainClientExec 207 - Stale connection check
08-31-2022 22:18:10 Wire.java DEBUG [Forwarding sendKeysToElement on session 2f97338cb9353a784934608e0e0e9c2e to remote] http.wire 86 - http-outgoing-0 << "[read] I/O error: Read timed out"
08-31-2022 22:18:10 LoggingManagedHttpClientConnection.java DEBUG [Forwarding sendKeysToElement on session 2f97338cb9353a784934608e0e0e9c2e to remote] conn.DefaultManagedHttpClientConnection 90 - http-outgoing-0: set socket timeout to 10800000
08-31-2022 22:18:10 MainClientExec.java DEBUG [Forwarding sendKeysToElement on session 2f97338cb9353a784934608e0e0e9c2e to remote] execchain.MainClientExec 255 - Executing request POST /session/2f97338cb9353a784934608e0e0e9c2e/element/0.4288142205450427-3/value HTTP/1.1
08-31-2022 22:18:10 MainClientExec.java DEBUG [Forwarding sendKeysToElement on session 2f97338cb9353a784934608e0e0e9c2e to remote] execchain.MainClientExec 260 - Target auth state: UNCHALLENGED
08-31-2022 22:18:10 MainClientExec.java DEBUG [Forwarding sendKeysToElement on session 2f97338cb9353a784934608e0e0e9c2e to remote] execchain.MainClientExec 266 - Proxy auth state: UNCHALLENGED
08-31-2022 22:18:10 LoggingManagedHttpClientConnection.java DEBUG [Forwarding sendKeysToElement on session 2f97338cb9353a784934608e0e0e9c2e to remote] http.headers 135 - http-outgoing-0 >> POST /session/2f97338cb9353a784934608e0e0e9c2e/element/0.4288142205450427-3/value HTTP/1.1
08-31-2022 22:18:10 LoggingManagedHttpClientConnection.java DEBUG [Forwarding sendKeysToElement on session 2f97338cb9353a784934608e0e0e9c2e to remote] http.headers 138 - http-outgoing-0 >> Content-Type: application/json; charset=utf-8
08-31-2022 22:18:10 LoggingManagedHttpClientConnection.java DEBUG [Forwarding sendKeysToElement on session 2f97338cb9353a784934608e0e0e9c2e to remote] http.headers 138 - http-outgoing-0 >> Content-Length: 51
08-31-2022 22:18:10 LoggingManagedHttpClientConnection.java DEBUG [Forwarding sendKeysToElement on session 2f97338cb9353a784934608e0e0e9c2e to remote] http.headers 138 - http-outgoing-0 >> Host: localhost:34933
08-31-2022 22:18:10 LoggingManagedHttpClientConnection.java DEBUG [Forwarding sendKeysToElement on session 2f97338cb9353a784934608e0e0e9c2e to remote] http.headers 138 - http-outgoing-0 >> Connection: Keep-Alive
08-31-2022 22:18:10 LoggingManagedHttpClientConnection.java DEBUG [Forwarding sendKeysToElement on session 2f97338cb9353a784934608e0e0e9c2e to remote] http.headers 138 - http-outgoing-0 >> User-Agent: Apache-HttpClient/4.5.2 (Java/11.0.12)
08-31-2022 22:18:10 LoggingManagedHttpClientConnection.java DEBUG [Forwarding sendKeysToElement on session 2f97338cb9353a784934608e0e0e9c2e to remote] http.headers 138 - http-outgoing-0 >> Accept-Encoding: gzip,deflate
08-31-2022 22:18:10 Wire.java DEBUG [Forwarding sendKeysToElement on session 2f97338cb9353a784934608e0e0e9c2e to remote] http.wire 72 - http-outgoing-0 >> "POST /session/2f97338cb9353a784934608e0e0e9c2e/element/0.4288142205450427-3/value HTTP/1.1[\r][\n]"
08-31-2022 22:18:10 Wire.java DEBUG [Forwarding sendKeysToElement on session 2f97338cb9353a784934608e0e0e9c2e to remote] http.wire 72 - http-outgoing-0 >> "Content-Type: application/json; charset=utf-8[\r][\n]"
08-31-2022 22:18:10 Wire.java DEBUG [Forwarding sendKeysToElement on session 2f97338cb9353a784934608e0e0e9c2e to remote] http.wire 72 - http-outgoing-0 >> "Content-Length: 51[\r][\n]"
08-31-2022 22:18:10 Wire.java DEBUG [Forwarding sendKeysToElement on session 2f97338cb9353a784934608e0e0e9c2e to remote] http.wire 72 - http-outgoing-0 >> "Host: localhost:34933[\r][\n]"
08-31-2022 22:18:10 Wire.java DEBUG [Forwarding sendKeysToElement on session 2f97338cb9353a784934608e0e0e9c2e to remote] http.wire 72 - http-outgoing-0 >> "Connection: Keep-Alive[\r][\n]"
08-31-2022 22:18:10 Wire.java DEBUG [Forwarding sendKeysToElement on session 2f97338cb9353a784934608e0e0e9c2e to remote] http.wire 72 - http-outgoing-0 >> "User-Agent: Apache-HttpClient/4.5.2 (Java/11.0.12)[\r][\n]"
08-31-2022 22:18:10 Wire.java DEBUG [Forwarding sendKeysToElement on session 2f97338cb9353a784934608e0e0e9c2e to remote] http.wire 72 - http-outgoing-0 >> "Accept-Encoding: gzip,deflate[\r][\n]"
08-31-2022 22:18:10 Wire.java DEBUG [Forwarding sendKeysToElement on session 2f97338cb9353a784934608e0e0e9c2e to remote] http.wire 72 - http-outgoing-0 >> "[\r][\n]"
08-31-2022 22:18:10 Wire.java DEBUG [Forwarding sendKeysToElement on session 2f97338cb9353a784934608e0e0e9c2e to remote] http.wire 86 - http-outgoing-0 >> "{"id":"0.4288142205450427-3","value":["1299guru@"]}"
08-31-2022 22:18:11 Wire.java DEBUG [Forwarding sendKeysToElement on session 2f97338cb9353a784934608e0e0e9c2e to remote] http.wire 72 - http-outgoing-0 << "HTTP/1.1 200 OK[\r][\n]"
08-31-2022 22:18:11 Wire.java DEBUG [Forwarding sendKeysToElement on session 2f97338cb9353a784934608e0e0e9c2e to remote] http.wire 72 - http-outgoing-0 << "Content-Length:72[\r][\n]"
08-31-2022 22:18:11 Wire.java DEBUG [Forwarding sendKeysToElement on session 2f97338cb9353a784934608e0e0e9c2e to remote] http.wire 72 - http-outgoing-0 << "Content-Type:application/json; charset=utf-8[\r][\n]"
08-31-2022 22:18:11 Wire.java DEBUG [Forwarding sendKeysToElement on session 2f97338cb9353a784934608e0e0e9c2e to remote] http.wire 72 - http-outgoing-0 << "[\r][\n]"
08-31-2022 22:18:11 Wire.java DEBUG [Forwarding sendKeysToElement on session 2f97338cb9353a784934608e0e0e9c2e to remote] http.wire 86 - http-outgoing-0 << "{"sessionId":"2f97338cb9353a784934608e0e0e9c2e","status":0,"value":null}"
08-31-2022 22:18:11 LoggingManagedHttpClientConnection.java DEBUG [Forwarding sendKeysToElement on session 2f97338cb9353a784934608e0e0e9c2e to remote] http.headers 124 - http-outgoing-0 << HTTP/1.1 200 OK
08-31-2022 22:18:11 LoggingManagedHttpClientConnection.java DEBUG [Forwarding sendKeysToElement on session 2f97338cb9353a784934608e0e0e9c2e to remote] http.headers 127 - http-outgoing-0 << Content-Length:72
08-31-2022 22:18:11 LoggingManagedHttpClientConnection.java DEBUG [Forwarding sendKeysToElement on session 2f97338cb9353a784934608e0e0e9c2e to remote] http.headers 127 - http-outgoing-0 << Content-Type:application/json; charset=utf-8
08-31-2022 22:18:11 MainClientExec.java DEBUG [Forwarding sendKeysToElement on session 2f97338cb9353a784934608e0e0e9c2e to remote] execchain.MainClientExec 284 - Connection can be kept alive indefinitely
08-31-2022 22:18:11 PoolingHttpClientConnectionManager.java DEBUG [Forwarding sendKeysToElement on session 2f97338cb9353a784934608e0e0e9c2e to remote] conn.PoolingHttpClientConnectionManager 314 - Connection [id: 0][route: {}->http://localhost:34933] can be kept alive indefinitely
08-31-2022 22:18:11 PoolingHttpClientConnectionManager.java DEBUG [Forwarding sendKeysToElement on session 2f97338cb9353a784934608e0e0e9c2e to remote] conn.PoolingHttpClientConnectionManager 320 - Connection released: [id: 0][route: {}->http://localhost:34933][total kept alive: 1; route allocated: 1 of 2000; total allocated: 1 of 2000]
08-31-2022 22:18:11 TC_LoginTest_001.java INFO  [main] e-Banking 25 - Password is entered
08-31-2022 22:18:11 RequestAddCookies.java DEBUG [Forwarding findElement on session 2f97338cb9353a784934608e0e0e9c2e to remote] protocol.RequestAddCookies 122 - CookieSpec selected: default
08-31-2022 22:18:11 RequestAuthCache.java DEBUG [Forwarding findElement on session 2f97338cb9353a784934608e0e0e9c2e to remote] protocol.RequestAuthCache 76 - Auth cache not set in the context
08-31-2022 22:18:11 PoolingHttpClientConnectionManager.java DEBUG [Forwarding findElement on session 2f97338cb9353a784934608e0e0e9c2e to remote] conn.PoolingHttpClientConnectionManager 249 - Connection request: [route: {}->http://localhost:34933][total kept alive: 1; route allocated: 1 of 2000; total allocated: 1 of 2000]
08-31-2022 22:18:11 PoolingHttpClientConnectionManager.java DEBUG [Forwarding findElement on session 2f97338cb9353a784934608e0e0e9c2e to remote] conn.PoolingHttpClientConnectionManager 282 - Connection leased: [id: 0][route: {}->http://localhost:34933][total kept alive: 0; route allocated: 1 of 2000; total allocated: 1 of 2000]
08-31-2022 22:18:11 MainClientExec.java DEBUG [Forwarding findElement on session 2f97338cb9353a784934608e0e0e9c2e to remote] execchain.MainClientExec 207 - Stale connection check
08-31-2022 22:18:11 Wire.java DEBUG [Forwarding findElement on session 2f97338cb9353a784934608e0e0e9c2e to remote] http.wire 86 - http-outgoing-0 << "[read] I/O error: Read timed out"
08-31-2022 22:18:11 LoggingManagedHttpClientConnection.java DEBUG [Forwarding findElement on session 2f97338cb9353a784934608e0e0e9c2e to remote] conn.DefaultManagedHttpClientConnection 90 - http-outgoing-0: set socket timeout to 10800000
08-31-2022 22:18:11 MainClientExec.java DEBUG [Forwarding findElement on session 2f97338cb9353a784934608e0e0e9c2e to remote] execchain.MainClientExec 255 - Executing request POST /session/2f97338cb9353a784934608e0e0e9c2e/element HTTP/1.1
08-31-2022 22:18:11 MainClientExec.java DEBUG [Forwarding findElement on session 2f97338cb9353a784934608e0e0e9c2e to remote] execchain.MainClientExec 260 - Target auth state: UNCHALLENGED
08-31-2022 22:18:11 MainClientExec.java DEBUG [Forwarding findElement on session 2f97338cb9353a784934608e0e0e9c2e to remote] execchain.MainClientExec 266 - Proxy auth state: UNCHALLENGED
08-31-2022 22:18:11 LoggingManagedHttpClientConnection.java DEBUG [Forwarding findElement on session 2f97338cb9353a784934608e0e0e9c2e to remote] http.headers 135 - http-outgoing-0 >> POST /session/2f97338cb9353a784934608e0e0e9c2e/element HTTP/1.1
08-31-2022 22:18:11 LoggingManagedHttpClientConnection.java DEBUG [Forwarding findElement on session 2f97338cb9353a784934608e0e0e9c2e to remote] http.headers 138 - http-outgoing-0 >> Content-Type: application/json; charset=utf-8
08-31-2022 22:18:11 LoggingManagedHttpClientConnection.java DEBUG [Forwarding findElement on session 2f97338cb9353a784934608e0e0e9c2e to remote] http.headers 138 - http-outgoing-0 >> Content-Length: 35
08-31-2022 22:18:11 LoggingManagedHttpClientConnection.java DEBUG [Forwarding findElement on session 2f97338cb9353a784934608e0e0e9c2e to remote] http.headers 138 - http-outgoing-0 >> Host: localhost:34933
08-31-2022 22:18:11 LoggingManagedHttpClientConnection.java DEBUG [Forwarding findElement on session 2f97338cb9353a784934608e0e0e9c2e to remote] http.headers 138 - http-outgoing-0 >> Connection: Keep-Alive
08-31-2022 22:18:11 LoggingManagedHttpClientConnection.java DEBUG [Forwarding findElement on session 2f97338cb9353a784934608e0e0e9c2e to remote] http.headers 138 - http-outgoing-0 >> User-Agent: Apache-HttpClient/4.5.2 (Java/11.0.12)
08-31-2022 22:18:11 LoggingManagedHttpClientConnection.java DEBUG [Forwarding findElement on session 2f97338cb9353a784934608e0e0e9c2e to remote] http.headers 138 - http-outgoing-0 >> Accept-Encoding: gzip,deflate
08-31-2022 22:18:11 Wire.java DEBUG [Forwarding findElement on session 2f97338cb9353a784934608e0e0e9c2e to remote] http.wire 72 - http-outgoing-0 >> "POST /session/2f97338cb9353a784934608e0e0e9c2e/element HTTP/1.1[\r][\n]"
08-31-2022 22:18:11 Wire.java DEBUG [Forwarding findElement on session 2f97338cb9353a784934608e0e0e9c2e to remote] http.wire 72 - http-outgoing-0 >> "Content-Type: application/json; charset=utf-8[\r][\n]"
08-31-2022 22:18:11 Wire.java DEBUG [Forwarding findElement on session 2f97338cb9353a784934608e0e0e9c2e to remote] http.wire 72 - http-outgoing-0 >> "Content-Length: 35[\r][\n]"
08-31-2022 22:18:11 Wire.java DEBUG [Forwarding findElement on session 2f97338cb9353a784934608e0e0e9c2e to remote] http.wire 72 - http-outgoing-0 >> "Host: localhost:34933[\r][\n]"
08-31-2022 22:18:11 Wire.java DEBUG [Forwarding findElement on session 2f97338cb9353a784934608e0e0e9c2e to remote] http.wire 72 - http-outgoing-0 >> "Connection: Keep-Alive[\r][\n]"
08-31-2022 22:18:11 Wire.java DEBUG [Forwarding findElement on session 2f97338cb9353a784934608e0e0e9c2e to remote] http.wire 72 - http-outgoing-0 >> "User-Agent: Apache-HttpClient/4.5.2 (Java/11.0.12)[\r][\n]"
08-31-2022 22:18:11 Wire.java DEBUG [Forwarding findElement on session 2f97338cb9353a784934608e0e0e9c2e to remote] http.wire 72 - http-outgoing-0 >> "Accept-Encoding: gzip,deflate[\r][\n]"
08-31-2022 22:18:11 Wire.java DEBUG [Forwarding findElement on session 2f97338cb9353a784934608e0e0e9c2e to remote] http.wire 72 - http-outgoing-0 >> "[\r][\n]"
08-31-2022 22:18:11 Wire.java DEBUG [Forwarding findElement on session 2f97338cb9353a784934608e0e0e9c2e to remote] http.wire 86 - http-outgoing-0 >> "{"using":"name","value":"btnLogin"}"
08-31-2022 22:18:11 Wire.java DEBUG [Forwarding findElement on session 2f97338cb9353a784934608e0e0e9c2e to remote] http.wire 72 - http-outgoing-0 << "HTTP/1.1 200 OK[\r][\n]"
08-31-2022 22:18:11 Wire.java DEBUG [Forwarding findElement on session 2f97338cb9353a784934608e0e0e9c2e to remote] http.wire 72 - http-outgoing-0 << "Content-Length:102[\r][\n]"
08-31-2022 22:18:11 Wire.java DEBUG [Forwarding findElement on session 2f97338cb9353a784934608e0e0e9c2e to remote] http.wire 72 - http-outgoing-0 << "Content-Type:application/json; charset=utf-8[\r][\n]"
08-31-2022 22:18:11 Wire.java DEBUG [Forwarding findElement on session 2f97338cb9353a784934608e0e0e9c2e to remote] http.wire 72 - http-outgoing-0 << "[\r][\n]"
08-31-2022 22:18:11 Wire.java DEBUG [Forwarding findElement on session 2f97338cb9353a784934608e0e0e9c2e to remote] http.wire 86 - http-outgoing-0 << "{"sessionId":"2f97338cb9353a784934608e0e0e9c2e","status":0,"value":{"ELEMENT":"0.4288142205450427-4"}}"
08-31-2022 22:18:11 LoggingManagedHttpClientConnection.java DEBUG [Forwarding findElement on session 2f97338cb9353a784934608e0e0e9c2e to remote] http.headers 124 - http-outgoing-0 << HTTP/1.1 200 OK
08-31-2022 22:18:11 LoggingManagedHttpClientConnection.java DEBUG [Forwarding findElement on session 2f97338cb9353a784934608e0e0e9c2e to remote] http.headers 127 - http-outgoing-0 << Content-Length:102
08-31-2022 22:18:11 LoggingManagedHttpClientConnection.java DEBUG [Forwarding findElement on session 2f97338cb9353a784934608e0e0e9c2e to remote] http.headers 127 - http-outgoing-0 << Content-Type:application/json; charset=utf-8
08-31-2022 22:18:11 MainClientExec.java DEBUG [Forwarding findElement on session 2f97338cb9353a784934608e0e0e9c2e to remote] execchain.MainClientExec 284 - Connection can be kept alive indefinitely
08-31-2022 22:18:11 PoolingHttpClientConnectionManager.java DEBUG [Forwarding findElement on session 2f97338cb9353a784934608e0e0e9c2e to remote] conn.PoolingHttpClientConnectionManager 314 - Connection [id: 0][route: {}->http://localhost:34933] can be kept alive indefinitely
08-31-2022 22:18:11 PoolingHttpClientConnectionManager.java DEBUG [Forwarding findElement on session 2f97338cb9353a784934608e0e0e9c2e to remote] conn.PoolingHttpClientConnectionManager 320 - Connection released: [id: 0][route: {}->http://localhost:34933][total kept alive: 1; route allocated: 1 of 2000; total allocated: 1 of 2000]
08-31-2022 22:18:11 RequestAddCookies.java DEBUG [Forwarding clickElement on session 2f97338cb9353a784934608e0e0e9c2e to remote] protocol.RequestAddCookies 122 - CookieSpec selected: default
08-31-2022 22:18:11 RequestAuthCache.java DEBUG [Forwarding clickElement on session 2f97338cb9353a784934608e0e0e9c2e to remote] protocol.RequestAuthCache 76 - Auth cache not set in the context
08-31-2022 22:18:11 PoolingHttpClientConnectionManager.java DEBUG [Forwarding clickElement on session 2f97338cb9353a784934608e0e0e9c2e to remote] conn.PoolingHttpClientConnectionManager 249 - Connection request: [route: {}->http://localhost:34933][total kept alive: 1; route allocated: 1 of 2000; total allocated: 1 of 2000]
08-31-2022 22:18:11 PoolingHttpClientConnectionManager.java DEBUG [Forwarding clickElement on session 2f97338cb9353a784934608e0e0e9c2e to remote] conn.PoolingHttpClientConnectionManager 282 - Connection leased: [id: 0][route: {}->http://localhost:34933][total kept alive: 0; route allocated: 1 of 2000; total allocated: 1 of 2000]
08-31-2022 22:18:11 MainClientExec.java DEBUG [Forwarding clickElement on session 2f97338cb9353a784934608e0e0e9c2e to remote] execchain.MainClientExec 207 - Stale connection check
08-31-2022 22:18:11 Wire.java DEBUG [Forwarding clickElement on session 2f97338cb9353a784934608e0e0e9c2e to remote] http.wire 86 - http-outgoing-0 << "[read] I/O error: Read timed out"
08-31-2022 22:18:11 LoggingManagedHttpClientConnection.java DEBUG [Forwarding clickElement on session 2f97338cb9353a784934608e0e0e9c2e to remote] conn.DefaultManagedHttpClientConnection 90 - http-outgoing-0: set socket timeout to 10800000
08-31-2022 22:18:11 MainClientExec.java DEBUG [Forwarding clickElement on session 2f97338cb9353a784934608e0e0e9c2e to remote] execchain.MainClientExec 255 - Executing request POST /session/2f97338cb9353a784934608e0e0e9c2e/element/0.4288142205450427-4/click HTTP/1.1
08-31-2022 22:18:11 MainClientExec.java DEBUG [Forwarding clickElement on session 2f97338cb9353a784934608e0e0e9c2e to remote] execchain.MainClientExec 260 - Target auth state: UNCHALLENGED
08-31-2022 22:18:11 MainClientExec.java DEBUG [Forwarding clickElement on session 2f97338cb9353a784934608e0e0e9c2e to remote] execchain.MainClientExec 266 - Proxy auth state: UNCHALLENGED
08-31-2022 22:18:11 LoggingManagedHttpClientConnection.java DEBUG [Forwarding clickElement on session 2f97338cb9353a784934608e0e0e9c2e to remote] http.headers 135 - http-outgoing-0 >> POST /session/2f97338cb9353a784934608e0e0e9c2e/element/0.4288142205450427-4/click HTTP/1.1
08-31-2022 22:18:11 LoggingManagedHttpClientConnection.java DEBUG [Forwarding clickElement on session 2f97338cb9353a784934608e0e0e9c2e to remote] http.headers 138 - http-outgoing-0 >> Content-Type: application/json; charset=utf-8
08-31-2022 22:18:11 LoggingManagedHttpClientConnection.java DEBUG [Forwarding clickElement on session 2f97338cb9353a784934608e0e0e9c2e to remote] http.headers 138 - http-outgoing-0 >> Content-Length: 29
08-31-2022 22:18:11 LoggingManagedHttpClientConnection.java DEBUG [Forwarding clickElement on session 2f97338cb9353a784934608e0e0e9c2e to remote] http.headers 138 - http-outgoing-0 >> Host: localhost:34933
08-31-2022 22:18:11 LoggingManagedHttpClientConnection.java DEBUG [Forwarding clickElement on session 2f97338cb9353a784934608e0e0e9c2e to remote] http.headers 138 - http-outgoing-0 >> Connection: Keep-Alive
08-31-2022 22:18:11 LoggingManagedHttpClientConnection.java DEBUG [Forwarding clickElement on session 2f97338cb9353a784934608e0e0e9c2e to remote] http.headers 138 - http-outgoing-0 >> User-Agent: Apache-HttpClient/4.5.2 (Java/11.0.12)
08-31-2022 22:18:11 LoggingManagedHttpClientConnection.java DEBUG [Forwarding clickElement on session 2f97338cb9353a784934608e0e0e9c2e to remote] http.headers 138 - http-outgoing-0 >> Accept-Encoding: gzip,deflate
08-31-2022 22:18:11 Wire.java DEBUG [Forwarding clickElement on session 2f97338cb9353a784934608e0e0e9c2e to remote] http.wire 72 - http-outgoing-0 >> "POST /session/2f97338cb9353a784934608e0e0e9c2e/element/0.4288142205450427-4/click HTTP/1.1[\r][\n]"
08-31-2022 22:18:11 Wire.java DEBUG [Forwarding clickElement on session 2f97338cb9353a784934608e0e0e9c2e to remote] http.wire 72 - http-outgoing-0 >> "Content-Type: application/json; charset=utf-8[\r][\n]"
08-31-2022 22:18:11 Wire.java DEBUG [Forwarding clickElement on session 2f97338cb9353a784934608e0e0e9c2e to remote] http.wire 72 - http-outgoing-0 >> "Content-Length: 29[\r][\n]"
08-31-2022 22:18:11 Wire.java DEBUG [Forwarding clickElement on session 2f97338cb9353a784934608e0e0e9c2e to remote] http.wire 72 - http-outgoing-0 >> "Host: localhost:34933[\r][\n]"
08-31-2022 22:18:11 Wire.java DEBUG [Forwarding clickElement on session 2f97338cb9353a784934608e0e0e9c2e to remote] http.wire 72 - http-outgoing-0 >> "Connection: Keep-Alive[\r][\n]"
08-31-2022 22:18:11 Wire.java DEBUG [Forwarding clickElement on session 2f97338cb9353a784934608e0e0e9c2e to remote] http.wire 72 - http-outgoing-0 >> "User-Agent: Apache-HttpClient/4.5.2 (Java/11.0.12)[\r][\n]"
08-31-2022 22:18:11 Wire.java DEBUG [Forwarding clickElement on session 2f97338cb9353a784934608e0e0e9c2e to remote] http.wire 72 - http-outgoing-0 >> "Accept-Encoding: gzip,deflate[\r][\n]"
08-31-2022 22:18:11 Wire.java DEBUG [Forwarding clickElement on session 2f97338cb9353a784934608e0e0e9c2e to remote] http.wire 72 - http-outgoing-0 >> "[\r][\n]"
08-31-2022 22:18:11 Wire.java DEBUG [Forwarding clickElement on session 2f97338cb9353a784934608e0e0e9c2e to remote] http.wire 86 - http-outgoing-0 >> "{"id":"0.4288142205450427-4"}"
08-31-2022 22:18:13 Wire.java DEBUG [Forwarding clickElement on session 2f97338cb9353a784934608e0e0e9c2e to remote] http.wire 72 - http-outgoing-0 << "HTTP/1.1 200 OK[\r][\n]"
08-31-2022 22:18:13 Wire.java DEBUG [Forwarding clickElement on session 2f97338cb9353a784934608e0e0e9c2e to remote] http.wire 72 - http-outgoing-0 << "Content-Length:72[\r][\n]"
08-31-2022 22:18:13 Wire.java DEBUG [Forwarding clickElement on session 2f97338cb9353a784934608e0e0e9c2e to remote] http.wire 72 - http-outgoing-0 << "Content-Type:application/json; charset=utf-8[\r][\n]"
08-31-2022 22:18:13 Wire.java DEBUG [Forwarding clickElement on session 2f97338cb9353a784934608e0e0e9c2e to remote] http.wire 72 - http-outgoing-0 << "[\r][\n]"
08-31-2022 22:18:13 Wire.java DEBUG [Forwarding clickElement on session 2f97338cb9353a784934608e0e0e9c2e to remote] http.wire 86 - http-outgoing-0 << "{"sessionId":"2f97338cb9353a784934608e0e0e9c2e","status":0,"value":null}"
08-31-2022 22:18:13 LoggingManagedHttpClientConnection.java DEBUG [Forwarding clickElement on session 2f97338cb9353a784934608e0e0e9c2e to remote] http.headers 124 - http-outgoing-0 << HTTP/1.1 200 OK
08-31-2022 22:18:13 LoggingManagedHttpClientConnection.java DEBUG [Forwarding clickElement on session 2f97338cb9353a784934608e0e0e9c2e to remote] http.headers 127 - http-outgoing-0 << Content-Length:72
08-31-2022 22:18:13 LoggingManagedHttpClientConnection.java DEBUG [Forwarding clickElement on session 2f97338cb9353a784934608e0e0e9c2e to remote] http.headers 127 - http-outgoing-0 << Content-Type:application/json; charset=utf-8
08-31-2022 22:18:13 MainClientExec.java DEBUG [Forwarding clickElement on session 2f97338cb9353a784934608e0e0e9c2e to remote] execchain.MainClientExec 284 - Connection can be kept alive indefinitely
[...]
08-31-2022 22:18:31 Wire.java DEBUG [Forwarding sendKeysToElement on session a0c3f7ab46bf3ba2ec9251d8a28170f0 to remote] http.wire 72 - http-outgoing-1 >> "User-Agent: Apache-HttpClient/4.5.2 (Java/11.0.12)[\r][\n]"
08-31-2022 22:18:31 Wire.java DEBUG [Forwarding sendKeysToElement on session a0c3f7ab46bf3ba2ec9251d8a28170f0 to remote] http.wire 72 - http-outgoing-1 >> "Accept-Encoding: gzip,deflate[\r][\n]"
08-31-2022 22:18:31 Wire.java DEBUG [Forwarding sendKeysToElement on session a0c3f7ab46bf3ba2ec9251d8a28170f0 to remote] http.wire 72 - http-outgoing-1 >> "[\r][\n]"
08-31-2022 22:18:31 Wire.java DEBUG [Forwarding sendKeysToElement on session a0c3f7ab46bf3ba2ec9251d8a28170f0 to remote] http.wire 86 - http-outgoing-1 >> "{"id":"0.163792990899144-11","value":["465asd"]}"
08-31-2022 22:18:31 Wire.java DEBUG [Forwarding sendKeysToElement on session a0c3f7ab46bf3ba2ec9251d8a28170f0 to remote] http.wire 72 - http-outgoing-1 << "HTTP/1.1 200 OK[\r][\n]"
08-31-2022 22:18:31 Wire.java DEBUG [Forwarding sendKeysToElement on session a0c3f7ab46bf3ba2ec9251d8a28170f0 to remote] http.wire 72 - http-outgoing-1 << "Content-Length:72[\r][\n]"
08-31-2022 22:18:31 Wire.java DEBUG [Forwarding sendKeysToElement on session a0c3f7ab46bf3ba2ec9251d8a28170f0 to remote] http.wire 72 - http-outgoing-1 << "Content-Type:application/json; charset=utf-8[\r][\n]"
08-31-2022 22:18:31 Wire.java DEBUG [Forwarding sendKeysToElement on session a0c3f7ab46bf3ba2ec9251d8a28170f0 to remote] http.wire 72 - http-outgoing-1 << "[\r][\n]"
08-31-2022 22:18:31 Wire.java DEBUG [Forwarding sendKeysToElement on session a0c3f7ab46bf3ba2ec9251d8a28170f0 to remote] http.wire 86 - http-outgoing-1 << "{"sessionId":"a0c3f7ab46bf3ba2ec9251d8a28170f0","status":0,"value":null}"
08-31-2022 22:18:31 LoggingManagedHttpClientConnection.java DEBUG [Forwarding sendKeysToElement on session a0c3f7ab46bf3ba2ec9251d8a28170f0 to remote] http.headers 124 - http-outgoing-1 << HTTP/1.1 200 OK
08-31-2022 22:18:31 LoggingManagedHttpClientConnection.java DEBUG [Forwarding sendKeysToElement on session a0c3f7ab46bf3ba2ec9251d8a28170f0 to remote] http.headers 127 - http-outgoing-1 << Content-Length:72
08-31-2022 22:18:31 LoggingManagedHttpClientConnection.java DEBUG [Forwarding sendKeysToElement on session a0c3f7ab46bf3ba2ec9251d8a28170f0 to remote] http.headers 127 - http-outgoing-1 << Content-Type:application/json; charset=utf-8
08-31-2022 22:18:31 MainClientExec.java DEBUG [Forwarding sendKeysToElement on session a0c3f7ab46bf3ba2ec9251d8a28170f0 to remote] execchain.MainClientExec 284 - Connection can be kept alive indefinitely
08-31-2022 22:18:31 PoolingHttpClientConnectionManager.java DEBUG [Forwarding sendKeysToElement on session a0c3f7ab46bf3ba2ec9251d8a28170f0 to remote] conn.PoolingHttpClientConnectionManager 314 - Connection [id: 1][route: {}->http://localhost:10388] can be kept alive indefinitely
08-31-2022 22:18:31 PoolingHttpClientConnectionManager.java DEBUG [Forwarding sendKeysToElement on session a0c3f7ab46bf3ba2ec9251d8a28170f0 to remote] conn.PoolingHttpClientConnectionManager 320 - Connection released: [id: 1][route: {}->http://localhost:10388][total kept alive: 1; route allocated: 1 of 2000; total allocated: 1 of 2000]
08-31-2022 22:18:31 RequestAddCookies.java DEBUG [Forwarding findElement on session a0c3f7ab46bf3ba2ec9251d8a28170f0 to remote] protocol.RequestAddCookies 122 - CookieSpec selected: default
08-31-2022 22:18:31 RequestAuthCache.java DEBUG [Forwarding findElement on session a0c3f7ab46bf3ba2ec9251d8a28170f0 to remote] protocol.RequestAuthCache 76 - Auth cache not set in the context
08-31-2022 22:18:31 PoolingHttpClientConnectionManager.java DEBUG [Forwarding findElement on session a0c3f7ab46bf3ba2ec9251d8a28170f0 to remote] conn.PoolingHttpClientConnectionManager 249 - Connection request: [route: {}->http://localhost:10388][total kept alive: 1; route allocated: 1 of 2000; total allocated: 1 of 2000]
08-31-2022 22:18:31 PoolingHttpClientConnectionManager.java DEBUG [Forwarding findElement on session a0c3f7ab46bf3ba2ec9251d8a28170f0 to remote] conn.PoolingHttpClientConnectionManager 282 - Connection leased: [id: 1][route: {}->http://localhost:10388][total kept alive: 0; route allocated: 1 of 2000; total allocated: 1 of 2000]
08-31-2022 22:18:31 MainClientExec.java DEBUG [Forwarding findElement on session a0c3f7ab46bf3ba2ec9251d8a28170f0 to remote] execchain.MainClientExec 207 - Stale connection check
08-31-2022 22:18:31 Wire.java DEBUG [Forwarding findElement on session a0c3f7ab46bf3ba2ec9251d8a28170f0 to remote] http.wire 86 - http-outgoing-1 << "[read] I/O error: Read timed out"
08-31-2022 22:18:31 LoggingManagedHttpClientConnection.java DEBUG [Forwarding findElement on session a0c3f7ab46bf3ba2ec9251d8a28170f0 to remote] conn.DefaultManagedHttpClientConnection 90 - http-outgoing-1: set socket timeout to 10800000
08-31-2022 22:18:31 MainClientExec.java DEBUG [Forwarding findElement on session a0c3f7ab46bf3ba2ec9251d8a28170f0 to remote] execchain.MainClientExec 255 - Executing request POST /session/a0c3f7ab46bf3ba2ec9251d8a28170f0/element HTTP/1.1
08-31-2022 22:18:31 MainClientExec.java DEBUG [Forwarding findElement on session a0c3f7ab46bf3ba2ec9251d8a28170f0 to remote] execchain.MainClientExec 260 - Target auth state: UNCHALLENGED
08-31-2022 22:18:31 MainClientExec.java DEBUG [Forwarding findElement on session a0c3f7ab46bf3ba2ec9251d8a28170f0 to remote] execchain.MainClientExec 266 - Proxy auth state: UNCHALLENGED
08-31-2022 22:18:31 LoggingManagedHttpClientConnection.java DEBUG [Forwarding findElement on session a0c3f7ab46bf3ba2ec9251d8a28170f0 to remote] http.headers 135 - http-outgoing-1 >> POST /session/a0c3f7ab46bf3ba2ec9251d8a28170f0/element HTTP/1.1
08-31-2022 22:18:31 LoggingManagedHttpClientConnection.java DEBUG [Forwarding findElement on session a0c3f7ab46bf3ba2ec9251d8a28170f0 to remote] http.headers 138 - http-outgoing-1 >> Content-Type: application/json; charset=utf-8
08-31-2022 22:18:31 LoggingManagedHttpClientConnection.java DEBUG [Forwarding findElement on session a0c3f7ab46bf3ba2ec9251d8a28170f0 to remote] http.headers 138 - http-outgoing-1 >> Content-Length: 48
08-31-2022 22:18:31 LoggingManagedHttpClientConnection.java DEBUG [Forwarding findElement on session a0c3f7ab46bf3ba2ec9251d8a28170f0 to remote] http.headers 138 - http-outgoing-1 >> Host: localhost:10388
08-31-2022 22:18:31 LoggingManagedHttpClientConnection.java DEBUG [Forwarding findElement on session a0c3f7ab46bf3ba2ec9251d8a28170f0 to remote] http.headers 138 - http-outgoing-1 >> Connection: Keep-Alive
08-31-2022 22:18:31 LoggingManagedHttpClientConnection.java DEBUG [Forwarding findElement on session a0c3f7ab46bf3ba2ec9251d8a28170f0 to remote] http.headers 138 - http-outgoing-1 >> User-Agent: Apache-HttpClient/4.5.2 (Java/11.0.12)
08-31-2022 22:18:31 LoggingManagedHttpClientConnection.java DEBUG [Forwarding findElement on session a0c3f7ab46bf3ba2ec9251d8a28170f0 to remote] http.headers 138 - http-outgoing-1 >> Accept-Encoding: gzip,deflate
08-31-2022 22:18:31 Wire.java DEBUG [Forwarding findElement on session a0c3f7ab46bf3ba2ec9251d8a28170f0 to remote] http.wire 72 - http-outgoing-1 >> "POST /session/a0c3f7ab46bf3ba2ec9251d8a28170f0/element HTTP/1.1[\r][\n]"
08-31-2022 22:18:31 Wire.java DEBUG [Forwarding findElement on session a0c3f7ab46bf3ba2ec9251d8a28170f0 to remote] http.wire 72 - http-outgoing-1 >> "Content-Type: application/json; charset=utf-8[\r][\n]"
08-31-2022 22:18:31 Wire.java DEBUG [Forwarding findElement on session a0c3f7ab46bf3ba2ec9251d8a28170f0 to remote] http.wire 72 - http-outgoing-1 >> "Content-Length: 48[\r][\n]"
08-31-2022 22:18:31 Wire.java DEBUG [Forwarding findElement on session a0c3f7ab46bf3ba2ec9251d8a28170f0 to remote] http.wire 72 - http-outgoing-1 >> "Host: localhost:10388[\r][\n]"
08-31-2022 22:18:31 Wire.java DEBUG [Forwarding findElement on session a0c3f7ab46bf3ba2ec9251d8a28170f0 to remote] http.wire 72 - http-outgoing-1 >> "Connection: Keep-Alive[\r][\n]"
08-31-2022 22:18:31 Wire.java DEBUG [Forwarding findElement on session a0c3f7ab46bf3ba2ec9251d8a28170f0 to remote] http.wire 72 - http-outgoing-1 >> "User-Agent: Apache-HttpClient/4.5.2 (Java/11.0.12)[\r][\n]"
08-31-2022 22:18:31 Wire.java DEBUG [Forwarding findElement on session a0c3f7ab46bf3ba2ec9251d8a28170f0 to remote] http.wire 72 - http-outgoing-1 >> "Accept-Encoding: gzip,deflate[\r][\n]"
08-31-2022 22:18:31 Wire.java DEBUG [Forwarding findElement on session a0c3f7ab46bf3ba2ec9251d8a28170f0 to remote] http.wire 72 - http-outgoing-1 >> "[\r][\n]"
08-31-2022 22:18:31 Wire.java DEBUG [Forwarding findElement on session a0c3f7ab46bf3ba2ec9251d8a28170f0 to remote] http.wire 86 - http-outgoing-1 >> "{"using":"xpath","value":"//input[@name='sub']"}"
08-31-2022 22:18:31 Wire.java DEBUG [Forwarding findElement on session a0c3f7ab46bf3ba2ec9251d8a28170f0 to remote] http.wire 72 - http-outgoing-1 << "HTTP/1.1 200 OK[\r][\n]"
08-31-2022 22:18:31 Wire.java DEBUG [Forwarding findElement on session a0c3f7ab46bf3ba2ec9251d8a28170f0 to remote] http.wire 72 - http-outgoing-1 << "Content-Length:102[\r][\n]"
08-31-2022 22:18:31 Wire.java DEBUG [Forwarding findElement on session a0c3f7ab46bf3ba2ec9251d8a28170f0 to remote] http.wire 72 - http-outgoing-1 << "Content-Type:application/json; charset=utf-8[\r][\n]"
08-31-2022 22:18:31 Wire.java DEBUG [Forwarding findElement on session a0c3f7ab46bf3ba2ec9251d8a28170f0 to remote] http.wire 72 - http-outgoing-1 << "[\r][\n]"
08-31-2022 22:18:31 Wire.java DEBUG [Forwarding findElement on session a0c3f7ab46bf3ba2ec9251d8a28170f0 to remote] http.wire 86 - http-outgoing-1 << "{"sessionId":"a0c3f7ab46bf3ba2ec9251d8a28170f0","status":0,"value":{"ELEMENT":"0.163792990899144-12"}}"
08-31-2022 22:18:31 LoggingManagedHttpClientConnection.java DEBUG [Forwarding findElement on session a0c3f7ab46bf3ba2ec9251d8a28170f0 to remote] http.headers 124 - http-outgoing-1 << HTTP/1.1 200 OK
08-31-2022 22:18:31 LoggingManagedHttpClientConnection.java DEBUG [Forwarding findElement on session a0c3f7ab46bf3ba2ec9251d8a28170f0 to remote] http.headers 127 - http-outgoing-1 << Content-Length:102
08-31-2022 22:18:31 LoggingManagedHttpClientConnection.java DEBUG [Forwarding findElement on session a0c3f7ab46bf3ba2ec9251d8a28170f0 to remote] http.headers 127 - http-outgoing-1 << Content-Type:application/json; charset=utf-8
08-31-2022 22:18:31 MainClientExec.java DEBUG [Forwarding findElement on session a0c3f7ab46bf3ba2ec9251d8a28170f0 to remote] execchain.MainClientExec 284 - Connection can be kept alive indefinitely
08-31-2022 22:18:31 PoolingHttpClientConnectionManager.java DEBUG [Forwarding findElement on session a0c3f7ab46bf3ba2ec9251d8a28170f0 to remote] conn.PoolingHttpClientConnectionManager 314 - Connection [id: 1][route: {}->http://localhost:10388] can be kept alive indefinitely
08-31-2022 22:18:31 PoolingHttpClientConnectionManager.java DEBUG [Forwarding findElement on session a0c3f7ab46bf3ba2ec9251d8a28170f0 to remote] conn.PoolingHttpClientConnectionManager 320 - Connection released: [id: 1][route: {}->http://localhost:10388][total kept alive: 1; route allocated: 1 of 2000; total allocated: 1 of 2000]
08-31-2022 22:18:31 RequestAddCookies.java DEBUG [Forwarding clickElement on session a0c3f7ab46bf3ba2ec9251d8a28170f0 to remote] protocol.RequestAddCookies 122 - CookieSpec selected: default
08-31-2022 22:18:31 RequestAuthCache.java DEBUG [Forwarding clickElement on session a0c3f7ab46bf3ba2ec9251d8a28170f0 to remote] protocol.RequestAuthCache 76 - Auth cache not set in the context
08-31-2022 22:18:31 PoolingHttpClientConnectionManager.java DEBUG [Forwarding clickElement on session a0c3f7ab46bf3ba2ec9251d8a28170f0 to remote] conn.PoolingHttpClientConnectionManager 249 - Connection request: [route: {}->http://localhost:10388][total kept alive: 1; route allocated: 1 of 2000; total allocated: 1 of 2000]
08-31-2022 22:18:31 PoolingHttpClientConnectionManager.java DEBUG [Forwarding clickElement on session a0c3f7ab46bf3ba2ec9251d8a28170f0 to remote] conn.PoolingHttpClientConnectionManager 282 - Connection leased: [id: 1][route: {}->http://localhost:10388][total kept alive: 0; route allocated: 1 of 2000; total allocated: 1 of 2000]
08-31-2022 22:18:31 MainClientExec.java DEBUG [Forwarding clickElement on session a0c3f7ab46bf3ba2ec9251d8a28170f0 to remote] execchain.MainClientExec 207 - Stale connection check
08-31-2022 22:18:31 Wire.java DEBUG [Forwarding clickElement on session a0c3f7ab46bf3ba2ec9251d8a28170f0 to remote] http.wire 86 - http-outgoing-1 << "[read] I/O error: Read timed out"
08-31-2022 22:18:31 LoggingManagedHttpClientConnection.java DEBUG [Forwarding clickElement on session a0c3f7ab46bf3ba2ec9251d8a28170f0 to remote] conn.DefaultManagedHttpClientConnection 90 - http-outgoing-1: set socket timeout to 10800000
08-31-2022 22:18:31 MainClientExec.java DEBUG [Forwarding clickElement on session a0c3f7ab46bf3ba2ec9251d8a28170f0 to remote] execchain.MainClientExec 255 - Executing request POST /session/a0c3f7ab46bf3ba2ec9251d8a28170f0/element/0.163792990899144-12/click HTTP/1.1
08-31-2022 22:18:31 MainClientExec.java DEBUG [Forwarding clickElement on session a0c3f7ab46bf3ba2ec9251d8a28170f0 to remote] execchain.MainClientExec 260 - Target auth state: UNCHALLENGED
08-31-2022 22:18:31 MainClientExec.java DEBUG [Forwarding clickElement on session a0c3f7ab46bf3ba2ec9251d8a28170f0 to remote] execchain.MainClientExec 266 - Proxy auth state: UNCHALLENGED
08-31-2022 22:18:31 LoggingManagedHttpClientConnection.java DEBUG [Forwarding clickElement on session a0c3f7ab46bf3ba2ec9251d8a28170f0 to remote] http.headers 135 - http-outgoing-1 >> POST /session/a0c3f7ab46bf3ba2ec9251d8a28170f0/element/0.163792990899144-12/click HTTP/1.1
08-31-2022 22:18:31 LoggingManagedHttpClientConnection.java DEBUG [Forwarding clickElement on session a0c3f7ab46bf3ba2ec9251d8a28170f0 to remote] http.headers 138 - http-outgoing-1 >> Content-Type: application/json; charset=utf-8
08-31-2022 22:18:31 LoggingManagedHttpClientConnection.java DEBUG [Forwarding clickElement on session a0c3f7ab46bf3ba2ec9251d8a28170f0 to remote] http.headers 138 - http-outgoing-1 >> Content-Length: 29
08-31-2022 22:18:31 LoggingManagedHttpClientConnection.java DEBUG [Forwarding clickElement on session a0c3f7ab46bf3ba2ec9251d8a28170f0 to remote] http.headers 138 - http-outgoing-1 >> Host: localhost:10388
08-31-2022 22:18:31 LoggingManagedHttpClientConnection.java DEBUG [Forwarding clickElement on session a0c3f7ab46bf3ba2ec9251d8a28170f0 to remote] http.headers 138 - http-outgoing-1 >> Connection: Keep-Alive
08-31-2022 22:18:31 LoggingManagedHttpClientConnection.java DEBUG [Forwarding clickElement on session a0c3f7ab46bf3ba2ec9251d8a28170f0 to remote] http.headers 138 - http-outgoing-1 >> User-Agent: Apache-HttpClient/4.5.2 (Java/11.0.12)
08-31-2022 22:18:31 LoggingManagedHttpClientConnection.java DEBUG [Forwarding clickElement on session a0c3f7ab46bf3ba2ec9251d8a28170f0 to remote] http.headers 138 - http-outgoing-1 >> Accept-Encoding: gzip,deflate
08-31-2022 22:18:31 Wire.java DEBUG [Forwarding clickElement on session a0c3f7ab46bf3ba2ec9251d8a28170f0 to remote] http.wire 72 - http-outgoing-1 >> "POST /session/a0c3f7ab46bf3ba2ec9251d8a28170f0/element/0.163792990899144-12/click HTTP/1.1[\r][\n]"
08-31-2022 22:18:31 Wire.java DEBUG [Forwarding clickElement on session a0c3f7ab46bf3ba2ec9251d8a28170f0 to remote] http.wire 72 - http-outgoing-1 >> "Content-Type: application/json; charset=utf-8[\r][\n]"
08-31-2022 22:18:31 Wire.java DEBUG [Forwarding clickElement on session a0c3f7ab46bf3ba2ec9251d8a28170f0 to remote] http.wire 72 - http-outgoing-1 >> "Content-Length: 29[\r][\n]"
08-31-2022 22:18:31 Wire.java DEBUG [Forwarding clickElement on session a0c3f7ab46bf3ba2ec9251d8a28170f0 to remote] http.wire 72 - http-outgoing-1 >> "Host: localhost:10388[\r][\n]"
08-31-2022 22:18:31 Wire.java DEBUG [Forwarding clickElement on session a0c3f7ab46bf3ba2ec9251d8a28170f0 to remote] http.wire 72 - http-outgoing-1 >> "Connection: Keep-Alive[\r][\n]"
08-31-2022 22:18:31 Wire.java DEBUG [Forwarding clickElement on session a0c3f7ab46bf3ba2ec9251d8a28170f0 to remote] http.wire 72 - http-outgoing-1 >> "User-Agent: Apache-HttpClient/4.5.2 (Java/11.0.12)[\r][\n]"
08-31-2022 22:18:31 Wire.java DEBUG [Forwarding clickElement on session a0c3f7ab46bf3ba2ec9251d8a28170f0 to remote] http.wire 72 - http-outgoing-1 >> "Accept-Encoding: gzip,deflate[\r][\n]"
08-31-2022 22:18:31 Wire.java DEBUG [Forwarding clickElement on session a0c3f7ab46bf3ba2ec9251d8a28170f0 to remote] http.wire 72 - http-outgoing-1 >> "[\r][\n]"
08-31-2022 22:18:31 Wire.java DEBUG [Forwarding clickElement on session a0c3f7ab46bf3ba2ec9251d8a28170f0 to remote] http.wire 86 - http-outgoing-1 >> "{"id":"0.163792990899144-12"}"
08-31-2022 22:18:31 Wire.java DEBUG [Forwarding clickElement on session a0c3f7ab46bf3ba2ec9251d8a28170f0 to remote] http.wire 72 - http-outgoing-1 << "HTTP/1.1 200 OK[\r][\n]"
08-31-2022 22:18:31 Wire.java DEBUG [Forwarding clickElement on session a0c3f7ab46bf3ba2ec9251d8a28170f0 to remote] http.wire 72 - http-outgoing-1 << "Content-Length:72[\r][\n]"
08-31-2022 22:18:31 Wire.java DEBUG [Forwarding clickElement on session a0c3f7ab46bf3ba2ec9251d8a28170f0 to remote] http.wire 72 - http-outgoing-1 << "Content-Type:application/json; charset=utf-8[\r][\n]"
08-31-2022 22:18:31 Wire.java DEBUG [Forwarding clickElement on session a0c3f7ab46bf3ba2ec9251d8a28170f0 to remote] http.wire 72 - http-outgoing-1 << "[\r][\n]"
08-31-2022 22:18:31 Wire.java DEBUG [Forwarding clickElement on session a0c3f7ab46bf3ba2ec9251d8a28170f0 to remote] http.wire 86 - http-outgoing-1 << "{"sessionId":"a0c3f7ab46bf3ba2ec9251d8a28170f0","status":0,"value":null}"
08-31-2022 22:18:31 LoggingManagedHttpClientConnection.java DEBUG [Forwarding clickElement on session a0c3f7ab46bf3ba2ec9251d8a28170f0 to remote] http.headers 124 - http-outgoing-1 << HTTP/1.1 200 OK
08-31-2022 22:18:31 LoggingManagedHttpClientConnection.java DEBUG [Forwarding clickElement on session a0c3f7ab46bf3ba2ec9251d8a28170f0 to remote] http.headers 127 - http-outgoing-1 << Content-Length:72
08-31-2022 22:18:31 LoggingManagedHttpClientConnection.java DEBUG [Forwarding clickElement on session a0c3f7ab46bf3ba2ec9251d8a28170f0 to remote] http.headers 127 - http-outgoing-1 << Content-Type:application/json; charset=utf-8
08-31-2022 22:18:31 MainClientExec.java DEBUG [Forwarding clickElement on session a0c3f7ab46bf3ba2ec9251d8a28170f0 to remote] execchain.MainClientExec 284 - Connection can be kept alive indefinitely
08-31-2022 22:18:31 PoolingHttpClientConnectionManager.java DEBUG [Forwarding clickElement on session a0c3f7ab46bf3ba2ec9251d8a28170f0 to remote] conn.PoolingHttpClientConnectionManager 314 - Connection [id: 1][route: {}->http://localhost:10388] can be kept alive indefinitely
08-31-2022 22:18:31 PoolingHttpClientConnectionManager.java DEBUG [Forwarding clickElement on session a0c3f7ab46bf3ba2ec9251d8a28170f0 to remote] conn.PoolingHttpClientConnectionManager 320 - Connection released: [id: 1][route: {}->http://localhost:10388][total kept alive: 1; route allocated: 1 of 2000; total allocated: 1 of 2000]
]]></system-out>
    <system-err><![CDATA[Starting ChromeDriver 104.0.5112.79 (3cf3e8c8a07d104b9e1260c910efb8f383285dc5-refs/branch-heads/5112@{#1307}) on port 10388
Only local connections are allowed.
Please see https://chromedriver.chromium.org/security-considerations for suggestions on keeping ChromeDriver safe.
ChromeDriver was started successfully.
Aug. 31, 2022 10:18:15 P.M. org.openqa.selenium.remote.ProtocolHandshake createSession
INFO: Attempting bi-dialect session, assuming Postel's Law holds true on the remote end
Aug. 31, 2022 10:18:15 P.M. org.openqa.selenium.remote.ProtocolHandshake createSession
INFO: Falling back to original OSS JSON Wire Protocol.
Aug. 31, 2022 10:18:16 P.M. org.openqa.selenium.remote.ProtocolHandshake createSession
INFO: Detected dialect: OSS
]]></system-err>
  </testcase>
</testsuite>