<?xml version="1.0" encoding="UTF-8"?>
<testng-results ignored="0" total="2" passed="2" failed="0" skipped="0">
  <reporter-output>
  </reporter-output>
  <suite started-at="2022-08-31T22:18:01 EDT" name="InetBankingV1" finished-at="2022-08-31T22:18:32 EDT" duration-ms="31034">
    <groups>
    </groups>
    <test started-at="2022-08-31T22:18:01 EDT" name="BankingApp Test" finished-at="2022-08-31T22:18:32 EDT" duration-ms="31034">
      <class name="com.inetBanking.testCases.TC_AddCustomerTest_003">
        <test-method is-config="true" signature="setup(java.lang.String)[pri:0, instance:com.inetBanking.testCases.TC_AddCustomerTest_003@7e990ed7]" started-at="2022-08-31T22:18:14 EDT" name="setup" finished-at="2022-08-31T22:18:18 EDT" duration-ms="4363" status="PASS">
          <params>
            <param index="0">
              <value>
                <![CDATA[chrome]]>
              </value>
            </param>
          </params>
          <reporter-output>
          </reporter-output>
        </test-method> <!-- setup -->
        <test-method signature="addNewCustomer()[pri:0, instance:com.inetBanking.testCases.TC_AddCustomerTest_003@7e990ed7]" started-at="2022-08-31T22:18:18 EDT" name="addNewCustomer" finished-at="2022-08-31T22:18:31 EDT" duration-ms="12649" status="PASS">
          <reporter-output>
          </reporter-output>
        </test-method> <!-- addNewCustomer -->
        <test-method is-config="true" signature="tearDown()[pri:0, instance:com.inetBanking.testCases.TC_AddCustomerTest_003@7e990ed7]" started-at="2022-08-31T22:18:31 EDT" name="tearDown" finished-at="2022-08-31T22:18:32 EDT" duration-ms="911" status="PASS">
          <reporter-output>
          </reporter-output>
        </test-method> <!-- tearDown -->
      </class> <!-- com.inetBanking.testCases.TC_AddCustomerTest_003 -->
      <class name="com.inetBanking.testCases.TC_LoginTest_001">
        <test-method is-config="true" signature="setup(java.lang.String)[pri:0, instance:com.inetBanking.testCases.TC_LoginTest_001@3feb2dda]" started-at="2022-08-31T22:18:01 EDT" name="setup" finished-at="2022-08-31T22:18:10 EDT" duration-ms="9328" status="PASS">
          <params>
            <param index="0">
              <value>
                <![CDATA[chrome]]>
              </value>
            </param>
          </params>
          <reporter-output>
          </reporter-output>
        </test-method> <!-- setup -->
        <test-method signature="loginTest()[pri:0, instance:com.inetBanking.testCases.TC_LoginTest_001@3feb2dda]" started-at="2022-08-31T22:18:10 EDT" name="loginTest" finished-at="2022-08-31T22:18:13 EDT" duration-ms="2769" status="PASS">
          <reporter-output>
          </reporter-output>
        </test-method> <!-- loginTest -->
        <test-method is-config="true" signature="tearDown()[pri:0, instance:com.inetBanking.testCases.TC_LoginTest_001@3feb2dda]" started-at="2022-08-31T22:18:13 EDT" name="tearDown" finished-at="2022-08-31T22:18:14 EDT" duration-ms="976" status="PASS">
          <reporter-output>
          </reporter-output>
        </test-method> <!-- tearDown -->
      </class> <!-- com.inetBanking.testCases.TC_LoginTest_001 -->
    </test> <!-- BankingApp Test -->
  </suite> <!-- InetBankingV1 -->
</testng-results>
