<?xml version="1.0" encoding="UTF-8"?>
<testng-results ignored="0" total="1" passed="1" failed="0" skipped="0">
  <reporter-output>
  </reporter-output>
  <suite started-at="2022-08-31T21:45:26 EDT" name="Default suite" finished-at="2022-08-31T21:45:46 EDT" duration-ms="20297">
    <groups>
    </groups>
    <test started-at="2022-08-31T21:45:26 EDT" name="Default test" finished-at="2022-08-31T21:45:46 EDT" duration-ms="20297">
      <class name="com.inetBanking.testCases.TC_AddCustomerTest_003">
        <test-method is-config="true" signature="setup(java.lang.String)[pri:0, instance:com.inetBanking.testCases.TC_AddCustomerTest_003@6f36c2f0]" started-at="2022-08-31T21:45:26 EDT" name="setup" finished-at="2022-08-31T21:45:31 EDT" duration-ms="5382" status="PASS">
          <params>
            <param index="0">
              <value>
                <![CDATA[chrome]]>
              </value>
            </param>
          </params>
          <reporter-output>
          </reporter-output>
        </test-method> <!-- setup -->
        <test-method signature="addNewCustomer()[pri:0, instance:com.inetBanking.testCases.TC_AddCustomerTest_003@6f36c2f0]" started-at="2022-08-31T21:45:31 EDT" name="addNewCustomer" finished-at="2022-08-31T21:45:45 EDT" duration-ms="14185" status="PASS">
          <reporter-output>
          </reporter-output>
        </test-method> <!-- addNewCustomer -->
        <test-method is-config="true" signature="tearDown()[pri:0, instance:com.inetBanking.testCases.TC_AddCustomerTest_003@6f36c2f0]" started-at="2022-08-31T21:45:45 EDT" name="tearDown" finished-at="2022-08-31T21:45:46 EDT" duration-ms="692" status="PASS">
          <reporter-output>
          </reporter-output>
        </test-method> <!-- tearDown -->
      </class> <!-- com.inetBanking.testCases.TC_AddCustomerTest_003 -->
    </test> <!-- Default test -->
  </suite> <!-- Default suite -->
</testng-results>
